[2024-04-18T13:47:53.450+0000] {processor.py:156} INFO - Started process (PID=172) to work on /opt/airflow/dags/hello.py
[2024-04-18T13:47:53.451+0000] {processor.py:758} INFO - Processing file /opt/airflow/dags/hello.py for tasks to queue
[2024-04-18T13:47:53.451+0000] {logging_mixin.py:117} INFO - [2024-04-18T13:47:53.451+0000] {dagbag.py:525} INFO - Filling up the DagBag from /opt/airflow/dags/hello.py
[2024-04-18T13:47:53.512+0000] {processor.py:768} INFO - DAG(s) dict_keys(['hello']) retrieved from /opt/airflow/dags/hello.py
[2024-04-18T13:47:53.586+0000] {logging_mixin.py:117} INFO - [2024-04-18T13:47:53.586+0000] {dag.py:2573} INFO - Sync 1 DAGs
[2024-04-18T13:47:53.630+0000] {logging_mixin.py:117} INFO - [2024-04-18T13:47:53.630+0000] {dag.py:3328} INFO - Setting next_dagrun for hello to None, run_after=None
[2024-04-18T13:47:53.657+0000] {processor.py:178} INFO - Processing /opt/airflow/dags/hello.py took 0.211 seconds
[2024-04-18T13:48:24.109+0000] {processor.py:156} INFO - Started process (PID=380) to work on /opt/airflow/dags/hello.py
[2024-04-18T13:48:24.109+0000] {processor.py:758} INFO - Processing file /opt/airflow/dags/hello.py for tasks to queue
[2024-04-18T13:48:24.110+0000] {logging_mixin.py:117} INFO - [2024-04-18T13:48:24.110+0000] {dagbag.py:525} INFO - Filling up the DagBag from /opt/airflow/dags/hello.py
[2024-04-18T13:48:24.133+0000] {processor.py:768} INFO - DAG(s) dict_keys(['hello']) retrieved from /opt/airflow/dags/hello.py
[2024-04-18T13:48:24.179+0000] {logging_mixin.py:117} INFO - [2024-04-18T13:48:24.179+0000] {dag.py:2573} INFO - Sync 1 DAGs
[2024-04-18T13:48:24.212+0000] {logging_mixin.py:117} INFO - [2024-04-18T13:48:24.212+0000] {dag.py:3328} INFO - Setting next_dagrun for hello to None, run_after=None
[2024-04-18T13:48:24.237+0000] {processor.py:178} INFO - Processing /opt/airflow/dags/hello.py took 0.131 seconds
[2024-04-18T13:48:54.819+0000] {processor.py:156} INFO - Started process (PID=599) to work on /opt/airflow/dags/hello.py
[2024-04-18T13:48:54.820+0000] {processor.py:758} INFO - Processing file /opt/airflow/dags/hello.py for tasks to queue
[2024-04-18T13:48:54.820+0000] {logging_mixin.py:117} INFO - [2024-04-18T13:48:54.820+0000] {dagbag.py:525} INFO - Filling up the DagBag from /opt/airflow/dags/hello.py
[2024-04-18T13:48:54.855+0000] {processor.py:768} INFO - DAG(s) dict_keys(['hello']) retrieved from /opt/airflow/dags/hello.py
[2024-04-18T13:48:54.942+0000] {logging_mixin.py:117} INFO - [2024-04-18T13:48:54.941+0000] {dag.py:2573} INFO - Sync 1 DAGs
[2024-04-18T13:48:54.985+0000] {logging_mixin.py:117} INFO - [2024-04-18T13:48:54.985+0000] {dag.py:3328} INFO - Setting next_dagrun for hello to None, run_after=None
[2024-04-18T13:48:55.026+0000] {processor.py:178} INFO - Processing /opt/airflow/dags/hello.py took 0.210 seconds
