[2024-04-18T13:47:53.466+0000] {processor.py:156} INFO - Started process (PID=175) to work on /opt/airflow/dags/my_first_dags.py
[2024-04-18T13:47:53.467+0000] {processor.py:758} INFO - Processing file /opt/airflow/dags/my_first_dags.py for tasks to queue
[2024-04-18T13:47:53.468+0000] {logging_mixin.py:117} INFO - [2024-04-18T13:47:53.468+0000] {dagbag.py:525} INFO - Filling up the DagBag from /opt/airflow/dags/my_first_dags.py
[2024-04-18T13:47:53.511+0000] {processor.py:768} INFO - DAG(s) dict_keys(['my_first_dag']) retrieved from /opt/airflow/dags/my_first_dags.py
[2024-04-18T13:47:53.581+0000] {logging_mixin.py:117} INFO - [2024-04-18T13:47:53.581+0000] {dag.py:2573} INFO - Sync 1 DAGs
[2024-04-18T13:47:53.618+0000] {logging_mixin.py:117} INFO - [2024-04-18T13:47:53.618+0000] {dag.py:3328} INFO - Setting next_dagrun for my_first_dag to None, run_after=None
[2024-04-18T13:47:53.647+0000] {processor.py:178} INFO - Processing /opt/airflow/dags/my_first_dags.py took 0.184 seconds
[2024-04-18T13:48:24.132+0000] {processor.py:156} INFO - Started process (PID=383) to work on /opt/airflow/dags/my_first_dags.py
[2024-04-18T13:48:24.133+0000] {processor.py:758} INFO - Processing file /opt/airflow/dags/my_first_dags.py for tasks to queue
[2024-04-18T13:48:24.134+0000] {logging_mixin.py:117} INFO - [2024-04-18T13:48:24.133+0000] {dagbag.py:525} INFO - Filling up the DagBag from /opt/airflow/dags/my_first_dags.py
[2024-04-18T13:48:24.150+0000] {processor.py:768} INFO - DAG(s) dict_keys(['my_first_dag']) retrieved from /opt/airflow/dags/my_first_dags.py
[2024-04-18T13:48:24.196+0000] {logging_mixin.py:117} INFO - [2024-04-18T13:48:24.196+0000] {dag.py:2573} INFO - Sync 1 DAGs
[2024-04-18T13:48:24.225+0000] {logging_mixin.py:117} INFO - [2024-04-18T13:48:24.225+0000] {dag.py:3328} INFO - Setting next_dagrun for my_first_dag to None, run_after=None
[2024-04-18T13:48:24.252+0000] {processor.py:178} INFO - Processing /opt/airflow/dags/my_first_dags.py took 0.124 seconds
[2024-04-18T13:48:54.862+0000] {processor.py:156} INFO - Started process (PID=602) to work on /opt/airflow/dags/my_first_dags.py
[2024-04-18T13:48:54.863+0000] {processor.py:758} INFO - Processing file /opt/airflow/dags/my_first_dags.py for tasks to queue
[2024-04-18T13:48:54.865+0000] {logging_mixin.py:117} INFO - [2024-04-18T13:48:54.864+0000] {dagbag.py:525} INFO - Filling up the DagBag from /opt/airflow/dags/my_first_dags.py
[2024-04-18T13:48:54.891+0000] {processor.py:768} INFO - DAG(s) dict_keys(['my_first_dag']) retrieved from /opt/airflow/dags/my_first_dags.py
[2024-04-18T13:48:54.956+0000] {logging_mixin.py:117} INFO - [2024-04-18T13:48:54.956+0000] {dag.py:2573} INFO - Sync 1 DAGs
[2024-04-18T13:48:55.010+0000] {logging_mixin.py:117} INFO - [2024-04-18T13:48:55.010+0000] {dag.py:3328} INFO - Setting next_dagrun for my_first_dag to None, run_after=None
[2024-04-18T13:48:55.052+0000] {processor.py:178} INFO - Processing /opt/airflow/dags/my_first_dags.py took 0.193 seconds
