[2024-04-18T13:47:57.198+0000] {processor.py:156} INFO - Started process (PID=275) to work on /home/airflow/.local/lib/python3.7/site-packages/airflow/example_dags/example_subdag_operator.py
[2024-04-18T13:47:57.200+0000] {processor.py:758} INFO - Processing file /home/airflow/.local/lib/python3.7/site-packages/airflow/example_dags/example_subdag_operator.py for tasks to queue
[2024-04-18T13:47:57.201+0000] {logging_mixin.py:117} INFO - [2024-04-18T13:47:57.201+0000] {dagbag.py:525} INFO - Filling up the DagBag from /home/airflow/.local/lib/python3.7/site-packages/airflow/example_dags/example_subdag_operator.py
[2024-04-18T13:47:57.270+0000] {processor.py:768} INFO - DAG(s) dict_keys(['example_subdag_operator.section-1', 'example_subdag_operator.section-2', 'example_subdag_operator']) retrieved from /home/airflow/.local/lib/python3.7/site-packages/airflow/example_dags/example_subdag_operator.py
[2024-04-18T13:47:57.679+0000] {logging_mixin.py:117} INFO - [2024-04-18T13:47:57.679+0000] {dag.py:2573} INFO - Sync 3 DAGs
[2024-04-18T13:47:57.746+0000] {logging_mixin.py:117} INFO - [2024-04-18T13:47:57.746+0000] {dag.py:3328} INFO - Setting next_dagrun for example_subdag_operator to 2022-01-01T00:00:00+00:00, run_after=2022-01-01T00:00:00+00:00
[2024-04-18T13:47:57.758+0000] {logging_mixin.py:117} INFO - [2024-04-18T13:47:57.758+0000] {dag.py:3328} INFO - Setting next_dagrun for example_subdag_operator.section-1 to None, run_after=None
[2024-04-18T13:47:57.759+0000] {logging_mixin.py:117} INFO - [2024-04-18T13:47:57.759+0000] {dag.py:3328} INFO - Setting next_dagrun for example_subdag_operator.section-2 to None, run_after=None
[2024-04-18T13:47:57.775+0000] {logging_mixin.py:117} INFO - [2024-04-18T13:47:57.775+0000] {dag.py:2573} INFO - Sync 2 DAGs
[2024-04-18T13:47:57.799+0000] {logging_mixin.py:117} INFO - [2024-04-18T13:47:57.799+0000] {dag.py:3328} INFO - Setting next_dagrun for example_subdag_operator.section-1 to None, run_after=None
[2024-04-18T13:47:57.801+0000] {logging_mixin.py:117} INFO - [2024-04-18T13:47:57.800+0000] {dag.py:3328} INFO - Setting next_dagrun for example_subdag_operator.section-2 to None, run_after=None
[2024-04-18T13:47:57.825+0000] {processor.py:178} INFO - Processing /home/airflow/.local/lib/python3.7/site-packages/airflow/example_dags/example_subdag_operator.py took 0.633 seconds
[2024-04-18T13:48:28.735+0000] {processor.py:156} INFO - Started process (PID=499) to work on /home/airflow/.local/lib/python3.7/site-packages/airflow/example_dags/example_subdag_operator.py
[2024-04-18T13:48:28.736+0000] {processor.py:758} INFO - Processing file /home/airflow/.local/lib/python3.7/site-packages/airflow/example_dags/example_subdag_operator.py for tasks to queue
[2024-04-18T13:48:28.737+0000] {logging_mixin.py:117} INFO - [2024-04-18T13:48:28.737+0000] {dagbag.py:525} INFO - Filling up the DagBag from /home/airflow/.local/lib/python3.7/site-packages/airflow/example_dags/example_subdag_operator.py
[2024-04-18T13:48:28.834+0000] {processor.py:768} INFO - DAG(s) dict_keys(['example_subdag_operator.section-1', 'example_subdag_operator.section-2', 'example_subdag_operator']) retrieved from /home/airflow/.local/lib/python3.7/site-packages/airflow/example_dags/example_subdag_operator.py
[2024-04-18T13:48:29.587+0000] {logging_mixin.py:117} INFO - [2024-04-18T13:48:29.587+0000] {dag.py:2573} INFO - Sync 3 DAGs
[2024-04-18T13:48:29.710+0000] {logging_mixin.py:117} INFO - [2024-04-18T13:48:29.710+0000] {dag.py:3328} INFO - Setting next_dagrun for example_subdag_operator to 2022-01-01T00:00:00+00:00, run_after=2022-01-01T00:00:00+00:00
[2024-04-18T13:48:29.723+0000] {logging_mixin.py:117} INFO - [2024-04-18T13:48:29.723+0000] {dag.py:3328} INFO - Setting next_dagrun for example_subdag_operator.section-1 to None, run_after=None
[2024-04-18T13:48:29.728+0000] {logging_mixin.py:117} INFO - [2024-04-18T13:48:29.728+0000] {dag.py:3328} INFO - Setting next_dagrun for example_subdag_operator.section-2 to None, run_after=None
[2024-04-18T13:48:29.760+0000] {logging_mixin.py:117} INFO - [2024-04-18T13:48:29.759+0000] {dag.py:2573} INFO - Sync 2 DAGs
[2024-04-18T13:48:29.789+0000] {logging_mixin.py:117} INFO - [2024-04-18T13:48:29.788+0000] {dag.py:3328} INFO - Setting next_dagrun for example_subdag_operator.section-1 to None, run_after=None
[2024-04-18T13:48:29.789+0000] {logging_mixin.py:117} INFO - [2024-04-18T13:48:29.789+0000] {dag.py:3328} INFO - Setting next_dagrun for example_subdag_operator.section-2 to None, run_after=None
[2024-04-18T13:48:29.865+0000] {processor.py:178} INFO - Processing /home/airflow/.local/lib/python3.7/site-packages/airflow/example_dags/example_subdag_operator.py took 1.133 seconds
[2024-04-18T13:49:00.610+0000] {processor.py:156} INFO - Started process (PID=714) to work on /home/airflow/.local/lib/python3.7/site-packages/airflow/example_dags/example_subdag_operator.py
[2024-04-18T13:49:00.611+0000] {processor.py:758} INFO - Processing file /home/airflow/.local/lib/python3.7/site-packages/airflow/example_dags/example_subdag_operator.py for tasks to queue
[2024-04-18T13:49:00.612+0000] {logging_mixin.py:117} INFO - [2024-04-18T13:49:00.612+0000] {dagbag.py:525} INFO - Filling up the DagBag from /home/airflow/.local/lib/python3.7/site-packages/airflow/example_dags/example_subdag_operator.py
[2024-04-18T13:49:00.655+0000] {processor.py:768} INFO - DAG(s) dict_keys(['example_subdag_operator.section-1', 'example_subdag_operator.section-2', 'example_subdag_operator']) retrieved from /home/airflow/.local/lib/python3.7/site-packages/airflow/example_dags/example_subdag_operator.py
[2024-04-18T13:49:00.915+0000] {logging_mixin.py:117} INFO - [2024-04-18T13:49:00.915+0000] {dag.py:2573} INFO - Sync 3 DAGs
[2024-04-18T13:49:00.944+0000] {logging_mixin.py:117} INFO - [2024-04-18T13:49:00.944+0000] {dag.py:3328} INFO - Setting next_dagrun for example_subdag_operator to 2022-01-01T00:00:00+00:00, run_after=2022-01-01T00:00:00+00:00
[2024-04-18T13:49:00.948+0000] {logging_mixin.py:117} INFO - [2024-04-18T13:49:00.947+0000] {dag.py:3328} INFO - Setting next_dagrun for example_subdag_operator.section-1 to None, run_after=None
[2024-04-18T13:49:00.949+0000] {logging_mixin.py:117} INFO - [2024-04-18T13:49:00.949+0000] {dag.py:3328} INFO - Setting next_dagrun for example_subdag_operator.section-2 to None, run_after=None
[2024-04-18T13:49:00.956+0000] {logging_mixin.py:117} INFO - [2024-04-18T13:49:00.956+0000] {dag.py:2573} INFO - Sync 2 DAGs
[2024-04-18T13:49:00.963+0000] {logging_mixin.py:117} INFO - [2024-04-18T13:49:00.963+0000] {dag.py:3328} INFO - Setting next_dagrun for example_subdag_operator.section-1 to None, run_after=None
[2024-04-18T13:49:00.963+0000] {logging_mixin.py:117} INFO - [2024-04-18T13:49:00.963+0000] {dag.py:3328} INFO - Setting next_dagrun for example_subdag_operator.section-2 to None, run_after=None
[2024-04-18T13:49:00.981+0000] {processor.py:178} INFO - Processing /home/airflow/.local/lib/python3.7/site-packages/airflow/example_dags/example_subdag_operator.py took 0.374 seconds
