[2024-04-18T13:47:57.887+0000] {processor.py:156} INFO - Started process (PID=290) to work on /home/airflow/.local/lib/python3.7/site-packages/airflow/example_dags/example_branch_python_dop_operator_3.py
[2024-04-18T13:47:57.888+0000] {processor.py:758} INFO - Processing file /home/airflow/.local/lib/python3.7/site-packages/airflow/example_dags/example_branch_python_dop_operator_3.py for tasks to queue
[2024-04-18T13:47:57.889+0000] {logging_mixin.py:117} INFO - [2024-04-18T13:47:57.889+0000] {dagbag.py:525} INFO - Filling up the DagBag from /home/airflow/.local/lib/python3.7/site-packages/airflow/example_dags/example_branch_python_dop_operator_3.py
[2024-04-18T13:47:57.949+0000] {processor.py:768} INFO - DAG(s) dict_keys(['example_branch_dop_operator_v3']) retrieved from /home/airflow/.local/lib/python3.7/site-packages/airflow/example_dags/example_branch_python_dop_operator_3.py
[2024-04-18T13:47:57.997+0000] {logging_mixin.py:117} INFO - [2024-04-18T13:47:57.997+0000] {dag.py:2573} INFO - Sync 1 DAGs
[2024-04-18T13:47:58.039+0000] {logging_mixin.py:117} INFO - [2024-04-18T13:47:58.039+0000] {dag.py:3328} INFO - Setting next_dagrun for example_branch_dop_operator_v3 to 2024-04-18T13:46:00+00:00, run_after=2024-04-18T13:47:00+00:00
[2024-04-18T13:47:58.105+0000] {processor.py:178} INFO - Processing /home/airflow/.local/lib/python3.7/site-packages/airflow/example_dags/example_branch_python_dop_operator_3.py took 0.228 seconds
[2024-04-18T13:48:29.378+0000] {processor.py:156} INFO - Started process (PID=507) to work on /home/airflow/.local/lib/python3.7/site-packages/airflow/example_dags/example_branch_python_dop_operator_3.py
[2024-04-18T13:48:29.380+0000] {processor.py:758} INFO - Processing file /home/airflow/.local/lib/python3.7/site-packages/airflow/example_dags/example_branch_python_dop_operator_3.py for tasks to queue
[2024-04-18T13:48:29.380+0000] {logging_mixin.py:117} INFO - [2024-04-18T13:48:29.380+0000] {dagbag.py:525} INFO - Filling up the DagBag from /home/airflow/.local/lib/python3.7/site-packages/airflow/example_dags/example_branch_python_dop_operator_3.py
[2024-04-18T13:48:29.479+0000] {processor.py:768} INFO - DAG(s) dict_keys(['example_branch_dop_operator_v3']) retrieved from /home/airflow/.local/lib/python3.7/site-packages/airflow/example_dags/example_branch_python_dop_operator_3.py
[2024-04-18T13:48:29.599+0000] {logging_mixin.py:117} INFO - [2024-04-18T13:48:29.599+0000] {dag.py:2573} INFO - Sync 1 DAGs
[2024-04-18T13:48:29.685+0000] {logging_mixin.py:117} INFO - [2024-04-18T13:48:29.685+0000] {dag.py:3328} INFO - Setting next_dagrun for example_branch_dop_operator_v3 to 2024-04-18T13:47:00+00:00, run_after=2024-04-18T13:48:00+00:00
[2024-04-18T13:48:29.770+0000] {processor.py:178} INFO - Processing /home/airflow/.local/lib/python3.7/site-packages/airflow/example_dags/example_branch_python_dop_operator_3.py took 0.411 seconds
[2024-04-18T13:49:00.624+0000] {processor.py:156} INFO - Started process (PID=717) to work on /home/airflow/.local/lib/python3.7/site-packages/airflow/example_dags/example_branch_python_dop_operator_3.py
[2024-04-18T13:49:00.624+0000] {processor.py:758} INFO - Processing file /home/airflow/.local/lib/python3.7/site-packages/airflow/example_dags/example_branch_python_dop_operator_3.py for tasks to queue
[2024-04-18T13:49:00.626+0000] {logging_mixin.py:117} INFO - [2024-04-18T13:49:00.625+0000] {dagbag.py:525} INFO - Filling up the DagBag from /home/airflow/.local/lib/python3.7/site-packages/airflow/example_dags/example_branch_python_dop_operator_3.py
[2024-04-18T13:49:00.657+0000] {processor.py:768} INFO - DAG(s) dict_keys(['example_branch_dop_operator_v3']) retrieved from /home/airflow/.local/lib/python3.7/site-packages/airflow/example_dags/example_branch_python_dop_operator_3.py
[2024-04-18T13:49:00.702+0000] {logging_mixin.py:117} INFO - [2024-04-18T13:49:00.701+0000] {dag.py:2573} INFO - Sync 1 DAGs
[2024-04-18T13:49:00.742+0000] {logging_mixin.py:117} INFO - [2024-04-18T13:49:00.742+0000] {dag.py:3328} INFO - Setting next_dagrun for example_branch_dop_operator_v3 to 2024-04-18T13:48:00+00:00, run_after=2024-04-18T13:49:00+00:00
[2024-04-18T13:49:00.768+0000] {processor.py:178} INFO - Processing /home/airflow/.local/lib/python3.7/site-packages/airflow/example_dags/example_branch_python_dop_operator_3.py took 0.148 seconds
