[2024-04-18T13:47:58.894+0000] {processor.py:156} INFO - Started process (PID=327) to work on /home/airflow/.local/lib/python3.7/site-packages/airflow/example_dags/example_datasets.py
[2024-04-18T13:47:58.895+0000] {processor.py:758} INFO - Processing file /home/airflow/.local/lib/python3.7/site-packages/airflow/example_dags/example_datasets.py for tasks to queue
[2024-04-18T13:47:58.896+0000] {logging_mixin.py:117} INFO - [2024-04-18T13:47:58.895+0000] {dagbag.py:525} INFO - Filling up the DagBag from /home/airflow/.local/lib/python3.7/site-packages/airflow/example_dags/example_datasets.py
[2024-04-18T13:47:58.943+0000] {processor.py:768} INFO - DAG(s) dict_keys(['dataset_consumes_1_never_scheduled', 'dataset_produces_1', 'dataset_consumes_1_and_2', 'dataset_consumes_unknown_never_scheduled', 'dataset_produces_2', 'dataset_consumes_1']) retrieved from /home/airflow/.local/lib/python3.7/site-packages/airflow/example_dags/example_datasets.py
[2024-04-18T13:47:59.109+0000] {logging_mixin.py:117} INFO - [2024-04-18T13:47:59.109+0000] {dag.py:2573} INFO - Sync 6 DAGs
[2024-04-18T13:47:59.159+0000] {logging_mixin.py:117} INFO - [2024-04-18T13:47:59.159+0000] {dag.py:3328} INFO - Setting next_dagrun for dataset_consumes_1 to None, run_after=None
[2024-04-18T13:47:59.163+0000] {logging_mixin.py:117} INFO - [2024-04-18T13:47:59.163+0000] {dag.py:3328} INFO - Setting next_dagrun for dataset_consumes_1_and_2 to None, run_after=None
[2024-04-18T13:47:59.165+0000] {logging_mixin.py:117} INFO - [2024-04-18T13:47:59.165+0000] {dag.py:3328} INFO - Setting next_dagrun for dataset_consumes_1_never_scheduled to None, run_after=None
[2024-04-18T13:47:59.167+0000] {logging_mixin.py:117} INFO - [2024-04-18T13:47:59.167+0000] {dag.py:3328} INFO - Setting next_dagrun for dataset_consumes_unknown_never_scheduled to None, run_after=None
[2024-04-18T13:47:59.170+0000] {logging_mixin.py:117} INFO - [2024-04-18T13:47:59.170+0000] {dag.py:3328} INFO - Setting next_dagrun for dataset_produces_1 to 2024-04-17T00:00:00+00:00, run_after=2024-04-18T00:00:00+00:00
[2024-04-18T13:47:59.171+0000] {logging_mixin.py:117} INFO - [2024-04-18T13:47:59.171+0000] {dag.py:3328} INFO - Setting next_dagrun for dataset_produces_2 to None, run_after=None
[2024-04-18T13:47:59.255+0000] {processor.py:178} INFO - Processing /home/airflow/.local/lib/python3.7/site-packages/airflow/example_dags/example_datasets.py took 0.364 seconds
[2024-04-18T13:48:30.853+0000] {processor.py:156} INFO - Started process (PID=542) to work on /home/airflow/.local/lib/python3.7/site-packages/airflow/example_dags/example_datasets.py
[2024-04-18T13:48:30.854+0000] {processor.py:758} INFO - Processing file /home/airflow/.local/lib/python3.7/site-packages/airflow/example_dags/example_datasets.py for tasks to queue
[2024-04-18T13:48:30.854+0000] {logging_mixin.py:117} INFO - [2024-04-18T13:48:30.854+0000] {dagbag.py:525} INFO - Filling up the DagBag from /home/airflow/.local/lib/python3.7/site-packages/airflow/example_dags/example_datasets.py
[2024-04-18T13:48:30.899+0000] {processor.py:768} INFO - DAG(s) dict_keys(['dataset_consumes_1_never_scheduled', 'dataset_produces_1', 'dataset_consumes_1_and_2', 'dataset_produces_2', 'dataset_consumes_1', 'dataset_consumes_unknown_never_scheduled']) retrieved from /home/airflow/.local/lib/python3.7/site-packages/airflow/example_dags/example_datasets.py
[2024-04-18T13:48:31.015+0000] {logging_mixin.py:117} INFO - [2024-04-18T13:48:31.015+0000] {dag.py:2573} INFO - Sync 6 DAGs
[2024-04-18T13:48:31.086+0000] {logging_mixin.py:117} INFO - [2024-04-18T13:48:31.085+0000] {dag.py:3328} INFO - Setting next_dagrun for dataset_consumes_1 to None, run_after=None
[2024-04-18T13:48:31.093+0000] {logging_mixin.py:117} INFO - [2024-04-18T13:48:31.093+0000] {dag.py:3328} INFO - Setting next_dagrun for dataset_consumes_1_and_2 to None, run_after=None
[2024-04-18T13:48:31.095+0000] {logging_mixin.py:117} INFO - [2024-04-18T13:48:31.095+0000] {dag.py:3328} INFO - Setting next_dagrun for dataset_consumes_1_never_scheduled to None, run_after=None
[2024-04-18T13:48:31.099+0000] {logging_mixin.py:117} INFO - [2024-04-18T13:48:31.099+0000] {dag.py:3328} INFO - Setting next_dagrun for dataset_consumes_unknown_never_scheduled to None, run_after=None
[2024-04-18T13:48:31.103+0000] {logging_mixin.py:117} INFO - [2024-04-18T13:48:31.102+0000] {dag.py:3328} INFO - Setting next_dagrun for dataset_produces_1 to 2024-04-17T00:00:00+00:00, run_after=2024-04-18T00:00:00+00:00
[2024-04-18T13:48:31.106+0000] {logging_mixin.py:117} INFO - [2024-04-18T13:48:31.106+0000] {dag.py:3328} INFO - Setting next_dagrun for dataset_produces_2 to None, run_after=None
[2024-04-18T13:48:31.161+0000] {processor.py:178} INFO - Processing /home/airflow/.local/lib/python3.7/site-packages/airflow/example_dags/example_datasets.py took 0.318 seconds
[2024-04-18T13:49:01.388+0000] {processor.py:156} INFO - Started process (PID=752) to work on /home/airflow/.local/lib/python3.7/site-packages/airflow/example_dags/example_datasets.py
[2024-04-18T13:49:01.389+0000] {processor.py:758} INFO - Processing file /home/airflow/.local/lib/python3.7/site-packages/airflow/example_dags/example_datasets.py for tasks to queue
[2024-04-18T13:49:01.390+0000] {logging_mixin.py:117} INFO - [2024-04-18T13:49:01.389+0000] {dagbag.py:525} INFO - Filling up the DagBag from /home/airflow/.local/lib/python3.7/site-packages/airflow/example_dags/example_datasets.py
[2024-04-18T13:49:01.411+0000] {processor.py:768} INFO - DAG(s) dict_keys(['dataset_consumes_1', 'dataset_produces_2', 'dataset_consumes_1_and_2', 'dataset_consumes_1_never_scheduled', 'dataset_produces_1', 'dataset_consumes_unknown_never_scheduled']) retrieved from /home/airflow/.local/lib/python3.7/site-packages/airflow/example_dags/example_datasets.py
[2024-04-18T13:49:01.584+0000] {logging_mixin.py:117} INFO - [2024-04-18T13:49:01.584+0000] {dag.py:2573} INFO - Sync 6 DAGs
[2024-04-18T13:49:01.624+0000] {logging_mixin.py:117} INFO - [2024-04-18T13:49:01.624+0000] {dag.py:3328} INFO - Setting next_dagrun for dataset_consumes_1 to None, run_after=None
[2024-04-18T13:49:01.628+0000] {logging_mixin.py:117} INFO - [2024-04-18T13:49:01.628+0000] {dag.py:3328} INFO - Setting next_dagrun for dataset_consumes_1_and_2 to None, run_after=None
[2024-04-18T13:49:01.629+0000] {logging_mixin.py:117} INFO - [2024-04-18T13:49:01.629+0000] {dag.py:3328} INFO - Setting next_dagrun for dataset_consumes_1_never_scheduled to None, run_after=None
[2024-04-18T13:49:01.630+0000] {logging_mixin.py:117} INFO - [2024-04-18T13:49:01.630+0000] {dag.py:3328} INFO - Setting next_dagrun for dataset_consumes_unknown_never_scheduled to None, run_after=None
[2024-04-18T13:49:01.634+0000] {logging_mixin.py:117} INFO - [2024-04-18T13:49:01.634+0000] {dag.py:3328} INFO - Setting next_dagrun for dataset_produces_1 to 2024-04-17T00:00:00+00:00, run_after=2024-04-18T00:00:00+00:00
[2024-04-18T13:49:01.636+0000] {logging_mixin.py:117} INFO - [2024-04-18T13:49:01.636+0000] {dag.py:3328} INFO - Setting next_dagrun for dataset_produces_2 to None, run_after=None
[2024-04-18T13:49:01.677+0000] {processor.py:178} INFO - Processing /home/airflow/.local/lib/python3.7/site-packages/airflow/example_dags/example_datasets.py took 0.292 seconds
