[2024-04-18T13:47:58.724+0000] {processor.py:156} INFO - Started process (PID=322) to work on /home/airflow/.local/lib/python3.7/site-packages/airflow/example_dags/example_branch_day_of_week_operator.py
[2024-04-18T13:47:58.725+0000] {processor.py:758} INFO - Processing file /home/airflow/.local/lib/python3.7/site-packages/airflow/example_dags/example_branch_day_of_week_operator.py for tasks to queue
[2024-04-18T13:47:58.725+0000] {logging_mixin.py:117} INFO - [2024-04-18T13:47:58.725+0000] {dagbag.py:525} INFO - Filling up the DagBag from /home/airflow/.local/lib/python3.7/site-packages/airflow/example_dags/example_branch_day_of_week_operator.py
[2024-04-18T13:47:58.746+0000] {processor.py:768} INFO - DAG(s) dict_keys(['example_weekday_branch_operator']) retrieved from /home/airflow/.local/lib/python3.7/site-packages/airflow/example_dags/example_branch_day_of_week_operator.py
[2024-04-18T13:47:58.791+0000] {logging_mixin.py:117} INFO - [2024-04-18T13:47:58.791+0000] {dag.py:2573} INFO - Sync 1 DAGs
[2024-04-18T13:47:58.823+0000] {logging_mixin.py:117} INFO - [2024-04-18T13:47:58.823+0000] {dag.py:3328} INFO - Setting next_dagrun for example_weekday_branch_operator to 2024-04-17T00:00:00+00:00, run_after=2024-04-18T00:00:00+00:00
[2024-04-18T13:47:58.852+0000] {processor.py:178} INFO - Processing /home/airflow/.local/lib/python3.7/site-packages/airflow/example_dags/example_branch_day_of_week_operator.py took 0.130 seconds
[2024-04-18T13:48:30.499+0000] {processor.py:156} INFO - Started process (PID=537) to work on /home/airflow/.local/lib/python3.7/site-packages/airflow/example_dags/example_branch_day_of_week_operator.py
[2024-04-18T13:48:30.500+0000] {processor.py:758} INFO - Processing file /home/airflow/.local/lib/python3.7/site-packages/airflow/example_dags/example_branch_day_of_week_operator.py for tasks to queue
[2024-04-18T13:48:30.501+0000] {logging_mixin.py:117} INFO - [2024-04-18T13:48:30.500+0000] {dagbag.py:525} INFO - Filling up the DagBag from /home/airflow/.local/lib/python3.7/site-packages/airflow/example_dags/example_branch_day_of_week_operator.py
[2024-04-18T13:48:30.545+0000] {processor.py:768} INFO - DAG(s) dict_keys(['example_weekday_branch_operator']) retrieved from /home/airflow/.local/lib/python3.7/site-packages/airflow/example_dags/example_branch_day_of_week_operator.py
[2024-04-18T13:48:30.675+0000] {logging_mixin.py:117} INFO - [2024-04-18T13:48:30.675+0000] {dag.py:2573} INFO - Sync 1 DAGs
[2024-04-18T13:48:30.781+0000] {logging_mixin.py:117} INFO - [2024-04-18T13:48:30.780+0000] {dag.py:3328} INFO - Setting next_dagrun for example_weekday_branch_operator to 2024-04-17T00:00:00+00:00, run_after=2024-04-18T00:00:00+00:00
[2024-04-18T13:48:30.839+0000] {processor.py:178} INFO - Processing /home/airflow/.local/lib/python3.7/site-packages/airflow/example_dags/example_branch_day_of_week_operator.py took 0.344 seconds
[2024-04-18T13:49:01.328+0000] {processor.py:156} INFO - Started process (PID=747) to work on /home/airflow/.local/lib/python3.7/site-packages/airflow/example_dags/example_branch_day_of_week_operator.py
[2024-04-18T13:49:01.329+0000] {processor.py:758} INFO - Processing file /home/airflow/.local/lib/python3.7/site-packages/airflow/example_dags/example_branch_day_of_week_operator.py for tasks to queue
[2024-04-18T13:49:01.330+0000] {logging_mixin.py:117} INFO - [2024-04-18T13:49:01.330+0000] {dagbag.py:525} INFO - Filling up the DagBag from /home/airflow/.local/lib/python3.7/site-packages/airflow/example_dags/example_branch_day_of_week_operator.py
[2024-04-18T13:49:01.350+0000] {processor.py:768} INFO - DAG(s) dict_keys(['example_weekday_branch_operator']) retrieved from /home/airflow/.local/lib/python3.7/site-packages/airflow/example_dags/example_branch_day_of_week_operator.py
[2024-04-18T13:49:01.396+0000] {logging_mixin.py:117} INFO - [2024-04-18T13:49:01.396+0000] {dag.py:2573} INFO - Sync 1 DAGs
[2024-04-18T13:49:01.429+0000] {logging_mixin.py:117} INFO - [2024-04-18T13:49:01.429+0000] {dag.py:3328} INFO - Setting next_dagrun for example_weekday_branch_operator to 2024-04-17T00:00:00+00:00, run_after=2024-04-18T00:00:00+00:00
[2024-04-18T13:49:01.465+0000] {processor.py:178} INFO - Processing /home/airflow/.local/lib/python3.7/site-packages/airflow/example_dags/example_branch_day_of_week_operator.py took 0.139 seconds
