[2024-04-18T13:47:54.776+0000] {processor.py:156} INFO - Started process (PID=210) to work on /home/airflow/.local/lib/python3.7/site-packages/airflow/example_dags/example_task_group.py
[2024-04-18T13:47:54.776+0000] {processor.py:758} INFO - Processing file /home/airflow/.local/lib/python3.7/site-packages/airflow/example_dags/example_task_group.py for tasks to queue
[2024-04-18T13:47:54.777+0000] {logging_mixin.py:117} INFO - [2024-04-18T13:47:54.777+0000] {dagbag.py:525} INFO - Filling up the DagBag from /home/airflow/.local/lib/python3.7/site-packages/airflow/example_dags/example_task_group.py
[2024-04-18T13:47:54.822+0000] {processor.py:768} INFO - DAG(s) dict_keys(['example_task_group']) retrieved from /home/airflow/.local/lib/python3.7/site-packages/airflow/example_dags/example_task_group.py
[2024-04-18T13:47:54.876+0000] {logging_mixin.py:117} INFO - [2024-04-18T13:47:54.876+0000] {dag.py:2573} INFO - Sync 1 DAGs
[2024-04-18T13:47:54.910+0000] {logging_mixin.py:117} INFO - [2024-04-18T13:47:54.910+0000] {dag.py:3328} INFO - Setting next_dagrun for example_task_group to 2024-04-17T13:47:54.909923+00:00, run_after=2024-04-18T13:47:54.909923+00:00
[2024-04-18T13:47:54.949+0000] {processor.py:178} INFO - Processing /home/airflow/.local/lib/python3.7/site-packages/airflow/example_dags/example_task_group.py took 0.178 seconds
[2024-04-18T13:48:25.842+0000] {processor.py:156} INFO - Started process (PID=416) to work on /home/airflow/.local/lib/python3.7/site-packages/airflow/example_dags/example_task_group.py
[2024-04-18T13:48:25.845+0000] {processor.py:758} INFO - Processing file /home/airflow/.local/lib/python3.7/site-packages/airflow/example_dags/example_task_group.py for tasks to queue
[2024-04-18T13:48:25.846+0000] {logging_mixin.py:117} INFO - [2024-04-18T13:48:25.845+0000] {dagbag.py:525} INFO - Filling up the DagBag from /home/airflow/.local/lib/python3.7/site-packages/airflow/example_dags/example_task_group.py
[2024-04-18T13:48:25.908+0000] {processor.py:768} INFO - DAG(s) dict_keys(['example_task_group']) retrieved from /home/airflow/.local/lib/python3.7/site-packages/airflow/example_dags/example_task_group.py
[2024-04-18T13:48:25.993+0000] {logging_mixin.py:117} INFO - [2024-04-18T13:48:25.993+0000] {dag.py:2573} INFO - Sync 1 DAGs
[2024-04-18T13:48:26.027+0000] {logging_mixin.py:117} INFO - [2024-04-18T13:48:26.027+0000] {dag.py:3328} INFO - Setting next_dagrun for example_task_group to 2024-04-17T13:48:26.027207+00:00, run_after=2024-04-18T13:48:26.027207+00:00
[2024-04-18T13:48:26.052+0000] {processor.py:178} INFO - Processing /home/airflow/.local/lib/python3.7/site-packages/airflow/example_dags/example_task_group.py took 0.233 seconds
[2024-04-18T13:48:56.812+0000] {processor.py:156} INFO - Started process (PID=637) to work on /home/airflow/.local/lib/python3.7/site-packages/airflow/example_dags/example_task_group.py
[2024-04-18T13:48:56.813+0000] {processor.py:758} INFO - Processing file /home/airflow/.local/lib/python3.7/site-packages/airflow/example_dags/example_task_group.py for tasks to queue
[2024-04-18T13:48:56.814+0000] {logging_mixin.py:117} INFO - [2024-04-18T13:48:56.814+0000] {dagbag.py:525} INFO - Filling up the DagBag from /home/airflow/.local/lib/python3.7/site-packages/airflow/example_dags/example_task_group.py
[2024-04-18T13:48:56.833+0000] {processor.py:768} INFO - DAG(s) dict_keys(['example_task_group']) retrieved from /home/airflow/.local/lib/python3.7/site-packages/airflow/example_dags/example_task_group.py
[2024-04-18T13:48:56.883+0000] {logging_mixin.py:117} INFO - [2024-04-18T13:48:56.883+0000] {dag.py:2573} INFO - Sync 1 DAGs
[2024-04-18T13:48:56.914+0000] {logging_mixin.py:117} INFO - [2024-04-18T13:48:56.914+0000] {dag.py:3328} INFO - Setting next_dagrun for example_task_group to 2024-04-17T13:48:56.914013+00:00, run_after=2024-04-18T13:48:56.914013+00:00
[2024-04-18T13:48:56.939+0000] {processor.py:178} INFO - Processing /home/airflow/.local/lib/python3.7/site-packages/airflow/example_dags/example_task_group.py took 0.131 seconds
