[2024-04-18T13:47:54.992+0000] {processor.py:156} INFO - Started process (PID=217) to work on /home/airflow/.local/lib/python3.7/site-packages/airflow/example_dags/example_latest_only_with_trigger.py
[2024-04-18T13:47:54.993+0000] {processor.py:758} INFO - Processing file /home/airflow/.local/lib/python3.7/site-packages/airflow/example_dags/example_latest_only_with_trigger.py for tasks to queue
[2024-04-18T13:47:54.994+0000] {logging_mixin.py:117} INFO - [2024-04-18T13:47:54.994+0000] {dagbag.py:525} INFO - Filling up the DagBag from /home/airflow/.local/lib/python3.7/site-packages/airflow/example_dags/example_latest_only_with_trigger.py
[2024-04-18T13:47:55.029+0000] {processor.py:768} INFO - DAG(s) dict_keys(['latest_only_with_trigger']) retrieved from /home/airflow/.local/lib/python3.7/site-packages/airflow/example_dags/example_latest_only_with_trigger.py
[2024-04-18T13:47:55.080+0000] {logging_mixin.py:117} INFO - [2024-04-18T13:47:55.080+0000] {dag.py:2573} INFO - Sync 1 DAGs
[2024-04-18T13:47:55.115+0000] {logging_mixin.py:117} INFO - [2024-04-18T13:47:55.114+0000] {dag.py:3328} INFO - Setting next_dagrun for latest_only_with_trigger to 2024-04-18T09:47:55.114639+00:00, run_after=2024-04-18T13:47:55.114639+00:00
[2024-04-18T13:47:55.170+0000] {processor.py:178} INFO - Processing /home/airflow/.local/lib/python3.7/site-packages/airflow/example_dags/example_latest_only_with_trigger.py took 0.182 seconds
[2024-04-18T13:48:26.086+0000] {processor.py:156} INFO - Started process (PID=423) to work on /home/airflow/.local/lib/python3.7/site-packages/airflow/example_dags/example_latest_only_with_trigger.py
[2024-04-18T13:48:26.087+0000] {processor.py:758} INFO - Processing file /home/airflow/.local/lib/python3.7/site-packages/airflow/example_dags/example_latest_only_with_trigger.py for tasks to queue
[2024-04-18T13:48:26.088+0000] {logging_mixin.py:117} INFO - [2024-04-18T13:48:26.088+0000] {dagbag.py:525} INFO - Filling up the DagBag from /home/airflow/.local/lib/python3.7/site-packages/airflow/example_dags/example_latest_only_with_trigger.py
[2024-04-18T13:48:26.105+0000] {processor.py:768} INFO - DAG(s) dict_keys(['latest_only_with_trigger']) retrieved from /home/airflow/.local/lib/python3.7/site-packages/airflow/example_dags/example_latest_only_with_trigger.py
[2024-04-18T13:48:26.152+0000] {logging_mixin.py:117} INFO - [2024-04-18T13:48:26.151+0000] {dag.py:2573} INFO - Sync 1 DAGs
[2024-04-18T13:48:26.182+0000] {logging_mixin.py:117} INFO - [2024-04-18T13:48:26.182+0000] {dag.py:3328} INFO - Setting next_dagrun for latest_only_with_trigger to 2024-04-18T09:48:26.182259+00:00, run_after=2024-04-18T13:48:26.182259+00:00
[2024-04-18T13:48:26.210+0000] {processor.py:178} INFO - Processing /home/airflow/.local/lib/python3.7/site-packages/airflow/example_dags/example_latest_only_with_trigger.py took 0.127 seconds
[2024-04-18T13:48:56.975+0000] {processor.py:156} INFO - Started process (PID=642) to work on /home/airflow/.local/lib/python3.7/site-packages/airflow/example_dags/example_latest_only_with_trigger.py
[2024-04-18T13:48:56.976+0000] {processor.py:758} INFO - Processing file /home/airflow/.local/lib/python3.7/site-packages/airflow/example_dags/example_latest_only_with_trigger.py for tasks to queue
[2024-04-18T13:48:56.977+0000] {logging_mixin.py:117} INFO - [2024-04-18T13:48:56.977+0000] {dagbag.py:525} INFO - Filling up the DagBag from /home/airflow/.local/lib/python3.7/site-packages/airflow/example_dags/example_latest_only_with_trigger.py
[2024-04-18T13:48:56.994+0000] {processor.py:768} INFO - DAG(s) dict_keys(['latest_only_with_trigger']) retrieved from /home/airflow/.local/lib/python3.7/site-packages/airflow/example_dags/example_latest_only_with_trigger.py
[2024-04-18T13:48:57.046+0000] {logging_mixin.py:117} INFO - [2024-04-18T13:48:57.045+0000] {dag.py:2573} INFO - Sync 1 DAGs
[2024-04-18T13:48:57.079+0000] {logging_mixin.py:117} INFO - [2024-04-18T13:48:57.079+0000] {dag.py:3328} INFO - Setting next_dagrun for latest_only_with_trigger to 2024-04-18T09:48:57.079009+00:00, run_after=2024-04-18T13:48:57.079009+00:00
[2024-04-18T13:48:57.104+0000] {processor.py:178} INFO - Processing /home/airflow/.local/lib/python3.7/site-packages/airflow/example_dags/example_latest_only_with_trigger.py took 0.132 seconds
