[2024-04-18T13:47:55.027+0000] {processor.py:156} INFO - Started process (PID=220) to work on /home/airflow/.local/lib/python3.7/site-packages/airflow/example_dags/example_skip_dag.py
[2024-04-18T13:47:55.028+0000] {processor.py:758} INFO - Processing file /home/airflow/.local/lib/python3.7/site-packages/airflow/example_dags/example_skip_dag.py for tasks to queue
[2024-04-18T13:47:55.029+0000] {logging_mixin.py:117} INFO - [2024-04-18T13:47:55.028+0000] {dagbag.py:525} INFO - Filling up the DagBag from /home/airflow/.local/lib/python3.7/site-packages/airflow/example_dags/example_skip_dag.py
[2024-04-18T13:47:55.087+0000] {processor.py:768} INFO - DAG(s) dict_keys(['example_skip_dag']) retrieved from /home/airflow/.local/lib/python3.7/site-packages/airflow/example_dags/example_skip_dag.py
[2024-04-18T13:47:55.164+0000] {logging_mixin.py:117} INFO - [2024-04-18T13:47:55.163+0000] {dag.py:2573} INFO - Sync 1 DAGs
[2024-04-18T13:47:55.222+0000] {logging_mixin.py:117} INFO - [2024-04-18T13:47:55.219+0000] {dag.py:3328} INFO - Setting next_dagrun for example_skip_dag to 2024-04-17T13:47:55.216892+00:00, run_after=2024-04-18T13:47:55.216892+00:00
[2024-04-18T13:47:55.284+0000] {processor.py:178} INFO - Processing /home/airflow/.local/lib/python3.7/site-packages/airflow/example_dags/example_skip_dag.py took 0.270 seconds
[2024-04-18T13:48:26.232+0000] {processor.py:156} INFO - Started process (PID=430) to work on /home/airflow/.local/lib/python3.7/site-packages/airflow/example_dags/example_skip_dag.py
[2024-04-18T13:48:26.233+0000] {processor.py:758} INFO - Processing file /home/airflow/.local/lib/python3.7/site-packages/airflow/example_dags/example_skip_dag.py for tasks to queue
[2024-04-18T13:48:26.233+0000] {logging_mixin.py:117} INFO - [2024-04-18T13:48:26.233+0000] {dagbag.py:525} INFO - Filling up the DagBag from /home/airflow/.local/lib/python3.7/site-packages/airflow/example_dags/example_skip_dag.py
[2024-04-18T13:48:26.247+0000] {processor.py:768} INFO - DAG(s) dict_keys(['example_skip_dag']) retrieved from /home/airflow/.local/lib/python3.7/site-packages/airflow/example_dags/example_skip_dag.py
[2024-04-18T13:48:26.280+0000] {logging_mixin.py:117} INFO - [2024-04-18T13:48:26.280+0000] {dag.py:2573} INFO - Sync 1 DAGs
[2024-04-18T13:48:26.300+0000] {logging_mixin.py:117} INFO - [2024-04-18T13:48:26.300+0000] {dag.py:3328} INFO - Setting next_dagrun for example_skip_dag to 2024-04-17T13:48:26.300619+00:00, run_after=2024-04-18T13:48:26.300619+00:00
[2024-04-18T13:48:26.323+0000] {processor.py:178} INFO - Processing /home/airflow/.local/lib/python3.7/site-packages/airflow/example_dags/example_skip_dag.py took 0.093 seconds
[2024-04-18T13:48:57.141+0000] {processor.py:156} INFO - Started process (PID=647) to work on /home/airflow/.local/lib/python3.7/site-packages/airflow/example_dags/example_skip_dag.py
[2024-04-18T13:48:57.142+0000] {processor.py:758} INFO - Processing file /home/airflow/.local/lib/python3.7/site-packages/airflow/example_dags/example_skip_dag.py for tasks to queue
[2024-04-18T13:48:57.143+0000] {logging_mixin.py:117} INFO - [2024-04-18T13:48:57.143+0000] {dagbag.py:525} INFO - Filling up the DagBag from /home/airflow/.local/lib/python3.7/site-packages/airflow/example_dags/example_skip_dag.py
[2024-04-18T13:48:57.158+0000] {processor.py:768} INFO - DAG(s) dict_keys(['example_skip_dag']) retrieved from /home/airflow/.local/lib/python3.7/site-packages/airflow/example_dags/example_skip_dag.py
[2024-04-18T13:48:57.223+0000] {logging_mixin.py:117} INFO - [2024-04-18T13:48:57.223+0000] {dag.py:2573} INFO - Sync 1 DAGs
[2024-04-18T13:48:57.254+0000] {logging_mixin.py:117} INFO - [2024-04-18T13:48:57.254+0000] {dag.py:3328} INFO - Setting next_dagrun for example_skip_dag to 2024-04-17T13:48:57.254577+00:00, run_after=2024-04-18T13:48:57.254577+00:00
[2024-04-18T13:48:57.280+0000] {processor.py:178} INFO - Processing /home/airflow/.local/lib/python3.7/site-packages/airflow/example_dags/example_skip_dag.py took 0.142 seconds
