[2024-04-18T13:47:55.220+0000] {processor.py:156} INFO - Started process (PID=225) to work on /home/airflow/.local/lib/python3.7/site-packages/airflow/example_dags/example_short_circuit_operator.py
[2024-04-18T13:47:55.221+0000] {processor.py:758} INFO - Processing file /home/airflow/.local/lib/python3.7/site-packages/airflow/example_dags/example_short_circuit_operator.py for tasks to queue
[2024-04-18T13:47:55.222+0000] {logging_mixin.py:117} INFO - [2024-04-18T13:47:55.222+0000] {dagbag.py:525} INFO - Filling up the DagBag from /home/airflow/.local/lib/python3.7/site-packages/airflow/example_dags/example_short_circuit_operator.py
[2024-04-18T13:47:55.274+0000] {processor.py:768} INFO - DAG(s) dict_keys(['example_short_circuit_operator']) retrieved from /home/airflow/.local/lib/python3.7/site-packages/airflow/example_dags/example_short_circuit_operator.py
[2024-04-18T13:47:55.377+0000] {logging_mixin.py:117} INFO - [2024-04-18T13:47:55.377+0000] {dag.py:2573} INFO - Sync 1 DAGs
[2024-04-18T13:47:55.412+0000] {logging_mixin.py:117} INFO - [2024-04-18T13:47:55.412+0000] {dag.py:3328} INFO - Setting next_dagrun for example_short_circuit_operator to 2024-04-17T13:47:55.412094+00:00, run_after=2024-04-18T13:47:55.412094+00:00
[2024-04-18T13:47:55.447+0000] {processor.py:178} INFO - Processing /home/airflow/.local/lib/python3.7/site-packages/airflow/example_dags/example_short_circuit_operator.py took 0.230 seconds
[2024-04-18T13:48:26.347+0000] {processor.py:156} INFO - Started process (PID=435) to work on /home/airflow/.local/lib/python3.7/site-packages/airflow/example_dags/example_short_circuit_operator.py
[2024-04-18T13:48:26.347+0000] {processor.py:758} INFO - Processing file /home/airflow/.local/lib/python3.7/site-packages/airflow/example_dags/example_short_circuit_operator.py for tasks to queue
[2024-04-18T13:48:26.348+0000] {logging_mixin.py:117} INFO - [2024-04-18T13:48:26.348+0000] {dagbag.py:525} INFO - Filling up the DagBag from /home/airflow/.local/lib/python3.7/site-packages/airflow/example_dags/example_short_circuit_operator.py
[2024-04-18T13:48:26.362+0000] {processor.py:768} INFO - DAG(s) dict_keys(['example_short_circuit_operator']) retrieved from /home/airflow/.local/lib/python3.7/site-packages/airflow/example_dags/example_short_circuit_operator.py
[2024-04-18T13:48:26.396+0000] {logging_mixin.py:117} INFO - [2024-04-18T13:48:26.396+0000] {dag.py:2573} INFO - Sync 1 DAGs
[2024-04-18T13:48:26.417+0000] {logging_mixin.py:117} INFO - [2024-04-18T13:48:26.417+0000] {dag.py:3328} INFO - Setting next_dagrun for example_short_circuit_operator to 2024-04-17T13:48:26.417123+00:00, run_after=2024-04-18T13:48:26.417123+00:00
[2024-04-18T13:48:26.436+0000] {processor.py:178} INFO - Processing /home/airflow/.local/lib/python3.7/site-packages/airflow/example_dags/example_short_circuit_operator.py took 0.092 seconds
[2024-04-18T13:48:57.218+0000] {processor.py:156} INFO - Started process (PID=652) to work on /home/airflow/.local/lib/python3.7/site-packages/airflow/example_dags/example_short_circuit_operator.py
[2024-04-18T13:48:57.222+0000] {processor.py:758} INFO - Processing file /home/airflow/.local/lib/python3.7/site-packages/airflow/example_dags/example_short_circuit_operator.py for tasks to queue
[2024-04-18T13:48:57.223+0000] {logging_mixin.py:117} INFO - [2024-04-18T13:48:57.223+0000] {dagbag.py:525} INFO - Filling up the DagBag from /home/airflow/.local/lib/python3.7/site-packages/airflow/example_dags/example_short_circuit_operator.py
[2024-04-18T13:48:57.246+0000] {processor.py:768} INFO - DAG(s) dict_keys(['example_short_circuit_operator']) retrieved from /home/airflow/.local/lib/python3.7/site-packages/airflow/example_dags/example_short_circuit_operator.py
[2024-04-18T13:48:57.295+0000] {logging_mixin.py:117} INFO - [2024-04-18T13:48:57.294+0000] {dag.py:2573} INFO - Sync 1 DAGs
[2024-04-18T13:48:57.326+0000] {logging_mixin.py:117} INFO - [2024-04-18T13:48:57.325+0000] {dag.py:3328} INFO - Setting next_dagrun for example_short_circuit_operator to 2024-04-17T13:48:57.325610+00:00, run_after=2024-04-18T13:48:57.325610+00:00
[2024-04-18T13:48:57.351+0000] {processor.py:178} INFO - Processing /home/airflow/.local/lib/python3.7/site-packages/airflow/example_dags/example_short_circuit_operator.py took 0.137 seconds
