[2024-04-18T13:47:56.902+0000] {processor.py:156} INFO - Started process (PID=260) to work on /home/airflow/.local/lib/python3.7/site-packages/airflow/example_dags/example_sla_dag.py
[2024-04-18T13:47:56.903+0000] {processor.py:758} INFO - Processing file /home/airflow/.local/lib/python3.7/site-packages/airflow/example_dags/example_sla_dag.py for tasks to queue
[2024-04-18T13:47:56.904+0000] {logging_mixin.py:117} INFO - [2024-04-18T13:47:56.904+0000] {dagbag.py:525} INFO - Filling up the DagBag from /home/airflow/.local/lib/python3.7/site-packages/airflow/example_dags/example_sla_dag.py
[2024-04-18T13:47:56.942+0000] {processor.py:768} INFO - DAG(s) dict_keys(['example_sla_dag']) retrieved from /home/airflow/.local/lib/python3.7/site-packages/airflow/example_dags/example_sla_dag.py
[2024-04-18T13:47:56.994+0000] {logging_mixin.py:117} INFO - [2024-04-18T13:47:56.994+0000] {dag.py:2573} INFO - Sync 1 DAGs
[2024-04-18T13:47:57.039+0000] {logging_mixin.py:117} INFO - [2024-04-18T13:47:57.037+0000] {dag.py:3328} INFO - Setting next_dagrun for example_sla_dag to 2024-04-18T13:44:00+00:00, run_after=2024-04-18T13:46:00+00:00
[2024-04-18T13:47:57.067+0000] {processor.py:178} INFO - Processing /home/airflow/.local/lib/python3.7/site-packages/airflow/example_dags/example_sla_dag.py took 0.169 seconds
[2024-04-18T13:48:27.363+0000] {processor.py:156} INFO - Started process (PID=468) to work on /home/airflow/.local/lib/python3.7/site-packages/airflow/example_dags/example_sla_dag.py
[2024-04-18T13:48:27.364+0000] {processor.py:758} INFO - Processing file /home/airflow/.local/lib/python3.7/site-packages/airflow/example_dags/example_sla_dag.py for tasks to queue
[2024-04-18T13:48:27.365+0000] {logging_mixin.py:117} INFO - [2024-04-18T13:48:27.365+0000] {dagbag.py:525} INFO - Filling up the DagBag from /home/airflow/.local/lib/python3.7/site-packages/airflow/example_dags/example_sla_dag.py
[2024-04-18T13:48:27.394+0000] {processor.py:768} INFO - DAG(s) dict_keys(['example_sla_dag']) retrieved from /home/airflow/.local/lib/python3.7/site-packages/airflow/example_dags/example_sla_dag.py
[2024-04-18T13:48:27.441+0000] {logging_mixin.py:117} INFO - [2024-04-18T13:48:27.441+0000] {dag.py:2573} INFO - Sync 1 DAGs
[2024-04-18T13:48:27.474+0000] {logging_mixin.py:117} INFO - [2024-04-18T13:48:27.474+0000] {dag.py:3328} INFO - Setting next_dagrun for example_sla_dag to 2024-04-18T13:46:00+00:00, run_after=2024-04-18T13:48:00+00:00
[2024-04-18T13:48:27.499+0000] {processor.py:178} INFO - Processing /home/airflow/.local/lib/python3.7/site-packages/airflow/example_dags/example_sla_dag.py took 0.141 seconds
[2024-04-18T13:48:58.138+0000] {processor.py:156} INFO - Started process (PID=687) to work on /home/airflow/.local/lib/python3.7/site-packages/airflow/example_dags/example_sla_dag.py
[2024-04-18T13:48:58.139+0000] {processor.py:758} INFO - Processing file /home/airflow/.local/lib/python3.7/site-packages/airflow/example_dags/example_sla_dag.py for tasks to queue
[2024-04-18T13:48:58.140+0000] {logging_mixin.py:117} INFO - [2024-04-18T13:48:58.139+0000] {dagbag.py:525} INFO - Filling up the DagBag from /home/airflow/.local/lib/python3.7/site-packages/airflow/example_dags/example_sla_dag.py
[2024-04-18T13:48:58.167+0000] {processor.py:768} INFO - DAG(s) dict_keys(['example_sla_dag']) retrieved from /home/airflow/.local/lib/python3.7/site-packages/airflow/example_dags/example_sla_dag.py
[2024-04-18T13:48:58.210+0000] {logging_mixin.py:117} INFO - [2024-04-18T13:48:58.210+0000] {dag.py:2573} INFO - Sync 1 DAGs
[2024-04-18T13:48:58.260+0000] {logging_mixin.py:117} INFO - [2024-04-18T13:48:58.260+0000] {dag.py:3328} INFO - Setting next_dagrun for example_sla_dag to 2024-04-18T13:46:00+00:00, run_after=2024-04-18T13:48:00+00:00
[2024-04-18T13:48:58.285+0000] {processor.py:178} INFO - Processing /home/airflow/.local/lib/python3.7/site-packages/airflow/example_dags/example_sla_dag.py took 0.150 seconds
