[2024-04-18T13:47:58.010+0000] {processor.py:156} INFO - Started process (PID=295) to work on /home/airflow/.local/lib/python3.7/site-packages/airflow/example_dags/example_trigger_target_dag.py
[2024-04-18T13:47:58.012+0000] {processor.py:758} INFO - Processing file /home/airflow/.local/lib/python3.7/site-packages/airflow/example_dags/example_trigger_target_dag.py for tasks to queue
[2024-04-18T13:47:58.013+0000] {logging_mixin.py:117} INFO - [2024-04-18T13:47:58.013+0000] {dagbag.py:525} INFO - Filling up the DagBag from /home/airflow/.local/lib/python3.7/site-packages/airflow/example_dags/example_trigger_target_dag.py
[2024-04-18T13:47:58.089+0000] {processor.py:768} INFO - DAG(s) dict_keys(['example_trigger_target_dag']) retrieved from /home/airflow/.local/lib/python3.7/site-packages/airflow/example_dags/example_trigger_target_dag.py
[2024-04-18T13:47:58.143+0000] {logging_mixin.py:117} INFO - [2024-04-18T13:47:58.143+0000] {dag.py:2573} INFO - Sync 1 DAGs
[2024-04-18T13:47:58.176+0000] {logging_mixin.py:117} INFO - [2024-04-18T13:47:58.176+0000] {dag.py:3328} INFO - Setting next_dagrun for example_trigger_target_dag to None, run_after=None
[2024-04-18T13:47:58.212+0000] {processor.py:178} INFO - Processing /home/airflow/.local/lib/python3.7/site-packages/airflow/example_dags/example_trigger_target_dag.py took 0.205 seconds
[2024-04-18T13:48:29.863+0000] {processor.py:156} INFO - Started process (PID=512) to work on /home/airflow/.local/lib/python3.7/site-packages/airflow/example_dags/example_trigger_target_dag.py
[2024-04-18T13:48:29.869+0000] {processor.py:758} INFO - Processing file /home/airflow/.local/lib/python3.7/site-packages/airflow/example_dags/example_trigger_target_dag.py for tasks to queue
[2024-04-18T13:48:29.870+0000] {logging_mixin.py:117} INFO - [2024-04-18T13:48:29.870+0000] {dagbag.py:525} INFO - Filling up the DagBag from /home/airflow/.local/lib/python3.7/site-packages/airflow/example_dags/example_trigger_target_dag.py
[2024-04-18T13:48:29.982+0000] {processor.py:768} INFO - DAG(s) dict_keys(['example_trigger_target_dag']) retrieved from /home/airflow/.local/lib/python3.7/site-packages/airflow/example_dags/example_trigger_target_dag.py
[2024-04-18T13:48:30.062+0000] {logging_mixin.py:117} INFO - [2024-04-18T13:48:30.061+0000] {dag.py:2573} INFO - Sync 1 DAGs
[2024-04-18T13:48:30.120+0000] {logging_mixin.py:117} INFO - [2024-04-18T13:48:30.120+0000] {dag.py:3328} INFO - Setting next_dagrun for example_trigger_target_dag to None, run_after=None
[2024-04-18T13:48:30.170+0000] {processor.py:178} INFO - Processing /home/airflow/.local/lib/python3.7/site-packages/airflow/example_dags/example_trigger_target_dag.py took 0.313 seconds
[2024-04-18T13:49:00.801+0000] {processor.py:156} INFO - Started process (PID=722) to work on /home/airflow/.local/lib/python3.7/site-packages/airflow/example_dags/example_trigger_target_dag.py
[2024-04-18T13:49:00.802+0000] {processor.py:758} INFO - Processing file /home/airflow/.local/lib/python3.7/site-packages/airflow/example_dags/example_trigger_target_dag.py for tasks to queue
[2024-04-18T13:49:00.802+0000] {logging_mixin.py:117} INFO - [2024-04-18T13:49:00.802+0000] {dagbag.py:525} INFO - Filling up the DagBag from /home/airflow/.local/lib/python3.7/site-packages/airflow/example_dags/example_trigger_target_dag.py
[2024-04-18T13:49:00.829+0000] {processor.py:768} INFO - DAG(s) dict_keys(['example_trigger_target_dag']) retrieved from /home/airflow/.local/lib/python3.7/site-packages/airflow/example_dags/example_trigger_target_dag.py
[2024-04-18T13:49:00.876+0000] {logging_mixin.py:117} INFO - [2024-04-18T13:49:00.876+0000] {dag.py:2573} INFO - Sync 1 DAGs
[2024-04-18T13:49:00.906+0000] {logging_mixin.py:117} INFO - [2024-04-18T13:49:00.906+0000] {dag.py:3328} INFO - Setting next_dagrun for example_trigger_target_dag to None, run_after=None
[2024-04-18T13:49:00.931+0000] {processor.py:178} INFO - Processing /home/airflow/.local/lib/python3.7/site-packages/airflow/example_dags/example_trigger_target_dag.py took 0.133 seconds
