[2024-04-18T13:47:58.190+0000] {processor.py:156} INFO - Started process (PID=300) to work on /home/airflow/.local/lib/python3.7/site-packages/airflow/example_dags/example_local_kubernetes_executor.py
[2024-04-18T13:47:58.191+0000] {processor.py:758} INFO - Processing file /home/airflow/.local/lib/python3.7/site-packages/airflow/example_dags/example_local_kubernetes_executor.py for tasks to queue
[2024-04-18T13:47:58.192+0000] {logging_mixin.py:117} INFO - [2024-04-18T13:47:58.191+0000] {dagbag.py:525} INFO - Filling up the DagBag from /home/airflow/.local/lib/python3.7/site-packages/airflow/example_dags/example_local_kubernetes_executor.py
[2024-04-18T13:47:58.225+0000] {processor.py:768} INFO - DAG(s) dict_keys(['example_local_kubernetes_executor']) retrieved from /home/airflow/.local/lib/python3.7/site-packages/airflow/example_dags/example_local_kubernetes_executor.py
[2024-04-18T13:47:58.287+0000] {logging_mixin.py:117} INFO - [2024-04-18T13:47:58.287+0000] {dag.py:2573} INFO - Sync 1 DAGs
[2024-04-18T13:47:58.381+0000] {logging_mixin.py:117} INFO - [2024-04-18T13:47:58.381+0000] {dag.py:3328} INFO - Setting next_dagrun for example_local_kubernetes_executor to None, run_after=None
[2024-04-18T13:47:58.424+0000] {processor.py:178} INFO - Processing /home/airflow/.local/lib/python3.7/site-packages/airflow/example_dags/example_local_kubernetes_executor.py took 0.240 seconds
[2024-04-18T13:48:29.952+0000] {processor.py:156} INFO - Started process (PID=517) to work on /home/airflow/.local/lib/python3.7/site-packages/airflow/example_dags/example_local_kubernetes_executor.py
[2024-04-18T13:48:29.965+0000] {processor.py:758} INFO - Processing file /home/airflow/.local/lib/python3.7/site-packages/airflow/example_dags/example_local_kubernetes_executor.py for tasks to queue
[2024-04-18T13:48:29.966+0000] {logging_mixin.py:117} INFO - [2024-04-18T13:48:29.966+0000] {dagbag.py:525} INFO - Filling up the DagBag from /home/airflow/.local/lib/python3.7/site-packages/airflow/example_dags/example_local_kubernetes_executor.py
[2024-04-18T13:48:30.027+0000] {processor.py:768} INFO - DAG(s) dict_keys(['example_local_kubernetes_executor']) retrieved from /home/airflow/.local/lib/python3.7/site-packages/airflow/example_dags/example_local_kubernetes_executor.py
[2024-04-18T13:48:30.074+0000] {logging_mixin.py:117} INFO - [2024-04-18T13:48:30.073+0000] {dag.py:2573} INFO - Sync 1 DAGs
[2024-04-18T13:48:30.107+0000] {logging_mixin.py:117} INFO - [2024-04-18T13:48:30.107+0000] {dag.py:3328} INFO - Setting next_dagrun for example_local_kubernetes_executor to None, run_after=None
[2024-04-18T13:48:30.138+0000] {processor.py:178} INFO - Processing /home/airflow/.local/lib/python3.7/site-packages/airflow/example_dags/example_local_kubernetes_executor.py took 0.189 seconds
[2024-04-18T13:49:00.964+0000] {processor.py:156} INFO - Started process (PID=727) to work on /home/airflow/.local/lib/python3.7/site-packages/airflow/example_dags/example_local_kubernetes_executor.py
[2024-04-18T13:49:00.965+0000] {processor.py:758} INFO - Processing file /home/airflow/.local/lib/python3.7/site-packages/airflow/example_dags/example_local_kubernetes_executor.py for tasks to queue
[2024-04-18T13:49:00.966+0000] {logging_mixin.py:117} INFO - [2024-04-18T13:49:00.966+0000] {dagbag.py:525} INFO - Filling up the DagBag from /home/airflow/.local/lib/python3.7/site-packages/airflow/example_dags/example_local_kubernetes_executor.py
[2024-04-18T13:49:00.991+0000] {processor.py:768} INFO - DAG(s) dict_keys(['example_local_kubernetes_executor']) retrieved from /home/airflow/.local/lib/python3.7/site-packages/airflow/example_dags/example_local_kubernetes_executor.py
[2024-04-18T13:49:01.041+0000] {logging_mixin.py:117} INFO - [2024-04-18T13:49:01.040+0000] {dag.py:2573} INFO - Sync 1 DAGs
[2024-04-18T13:49:01.079+0000] {logging_mixin.py:117} INFO - [2024-04-18T13:49:01.079+0000] {dag.py:3328} INFO - Setting next_dagrun for example_local_kubernetes_executor to None, run_after=None
[2024-04-18T13:49:01.105+0000] {processor.py:178} INFO - Processing /home/airflow/.local/lib/python3.7/site-packages/airflow/example_dags/example_local_kubernetes_executor.py took 0.143 seconds
