[2024-04-18T13:47:54.175+0000] {processor.py:156} INFO - Started process (PID=200) to work on /home/airflow/.local/lib/python3.7/site-packages/airflow/example_dags/example_task_group_decorator.py
[2024-04-18T13:47:54.176+0000] {processor.py:758} INFO - Processing file /home/airflow/.local/lib/python3.7/site-packages/airflow/example_dags/example_task_group_decorator.py for tasks to queue
[2024-04-18T13:47:54.176+0000] {logging_mixin.py:117} INFO - [2024-04-18T13:47:54.176+0000] {dagbag.py:525} INFO - Filling up the DagBag from /home/airflow/.local/lib/python3.7/site-packages/airflow/example_dags/example_task_group_decorator.py
[2024-04-18T13:47:54.276+0000] {processor.py:768} INFO - DAG(s) dict_keys(['example_task_group_decorator']) retrieved from /home/airflow/.local/lib/python3.7/site-packages/airflow/example_dags/example_task_group_decorator.py
[2024-04-18T13:47:54.355+0000] {logging_mixin.py:117} INFO - [2024-04-18T13:47:54.355+0000] {dag.py:2573} INFO - Sync 1 DAGs
[2024-04-18T13:47:54.399+0000] {logging_mixin.py:117} INFO - [2024-04-18T13:47:54.399+0000] {dag.py:3328} INFO - Setting next_dagrun for example_task_group_decorator to 2024-04-17T13:47:54.398878+00:00, run_after=2024-04-18T13:47:54.398878+00:00
[2024-04-18T13:47:54.477+0000] {processor.py:178} INFO - Processing /home/airflow/.local/lib/python3.7/site-packages/airflow/example_dags/example_task_group_decorator.py took 0.305 seconds
[2024-04-18T13:48:24.630+0000] {processor.py:156} INFO - Started process (PID=405) to work on /home/airflow/.local/lib/python3.7/site-packages/airflow/example_dags/example_task_group_decorator.py
[2024-04-18T13:48:24.631+0000] {processor.py:758} INFO - Processing file /home/airflow/.local/lib/python3.7/site-packages/airflow/example_dags/example_task_group_decorator.py for tasks to queue
[2024-04-18T13:48:24.631+0000] {logging_mixin.py:117} INFO - [2024-04-18T13:48:24.631+0000] {dagbag.py:525} INFO - Filling up the DagBag from /home/airflow/.local/lib/python3.7/site-packages/airflow/example_dags/example_task_group_decorator.py
[2024-04-18T13:48:24.661+0000] {processor.py:768} INFO - DAG(s) dict_keys(['example_task_group_decorator']) retrieved from /home/airflow/.local/lib/python3.7/site-packages/airflow/example_dags/example_task_group_decorator.py
[2024-04-18T13:48:24.704+0000] {logging_mixin.py:117} INFO - [2024-04-18T13:48:24.704+0000] {dag.py:2573} INFO - Sync 1 DAGs
[2024-04-18T13:48:24.727+0000] {logging_mixin.py:117} INFO - [2024-04-18T13:48:24.727+0000] {dag.py:3328} INFO - Setting next_dagrun for example_task_group_decorator to 2024-04-17T13:48:24.727056+00:00, run_after=2024-04-18T13:48:24.727056+00:00
[2024-04-18T13:48:24.747+0000] {processor.py:178} INFO - Processing /home/airflow/.local/lib/python3.7/site-packages/airflow/example_dags/example_task_group_decorator.py took 0.119 seconds
[2024-04-18T13:48:55.431+0000] {processor.py:156} INFO - Started process (PID=622) to work on /home/airflow/.local/lib/python3.7/site-packages/airflow/example_dags/example_task_group_decorator.py
[2024-04-18T13:48:55.433+0000] {processor.py:758} INFO - Processing file /home/airflow/.local/lib/python3.7/site-packages/airflow/example_dags/example_task_group_decorator.py for tasks to queue
[2024-04-18T13:48:55.435+0000] {logging_mixin.py:117} INFO - [2024-04-18T13:48:55.434+0000] {dagbag.py:525} INFO - Filling up the DagBag from /home/airflow/.local/lib/python3.7/site-packages/airflow/example_dags/example_task_group_decorator.py
[2024-04-18T13:48:55.514+0000] {processor.py:768} INFO - DAG(s) dict_keys(['example_task_group_decorator']) retrieved from /home/airflow/.local/lib/python3.7/site-packages/airflow/example_dags/example_task_group_decorator.py
[2024-04-18T13:48:55.614+0000] {logging_mixin.py:117} INFO - [2024-04-18T13:48:55.614+0000] {dag.py:2573} INFO - Sync 1 DAGs
[2024-04-18T13:48:55.679+0000] {logging_mixin.py:117} INFO - [2024-04-18T13:48:55.678+0000] {dag.py:3328} INFO - Setting next_dagrun for example_task_group_decorator to 2024-04-17T13:48:55.678662+00:00, run_after=2024-04-18T13:48:55.678662+00:00
[2024-04-18T13:48:55.732+0000] {processor.py:178} INFO - Processing /home/airflow/.local/lib/python3.7/site-packages/airflow/example_dags/example_task_group_decorator.py took 0.305 seconds
