[2024-04-18T13:47:56.992+0000] {processor.py:156} INFO - Started process (PID=265) to work on /home/airflow/.local/lib/python3.7/site-packages/airflow/example_dags/example_branch_labels.py
[2024-04-18T13:47:56.993+0000] {processor.py:758} INFO - Processing file /home/airflow/.local/lib/python3.7/site-packages/airflow/example_dags/example_branch_labels.py for tasks to queue
[2024-04-18T13:47:56.995+0000] {logging_mixin.py:117} INFO - [2024-04-18T13:47:56.994+0000] {dagbag.py:525} INFO - Filling up the DagBag from /home/airflow/.local/lib/python3.7/site-packages/airflow/example_dags/example_branch_labels.py
[2024-04-18T13:47:57.023+0000] {processor.py:768} INFO - DAG(s) dict_keys(['example_branch_labels']) retrieved from /home/airflow/.local/lib/python3.7/site-packages/airflow/example_dags/example_branch_labels.py
[2024-04-18T13:47:57.083+0000] {logging_mixin.py:117} INFO - [2024-04-18T13:47:57.083+0000] {dag.py:2573} INFO - Sync 1 DAGs
[2024-04-18T13:47:57.118+0000] {logging_mixin.py:117} INFO - [2024-04-18T13:47:57.118+0000] {dag.py:3328} INFO - Setting next_dagrun for example_branch_labels to 2024-04-17T00:00:00+00:00, run_after=2024-04-18T00:00:00+00:00
[2024-04-18T13:47:57.153+0000] {processor.py:178} INFO - Processing /home/airflow/.local/lib/python3.7/site-packages/airflow/example_dags/example_branch_labels.py took 0.165 seconds
[2024-04-18T13:48:27.495+0000] {processor.py:156} INFO - Started process (PID=473) to work on /home/airflow/.local/lib/python3.7/site-packages/airflow/example_dags/example_branch_labels.py
[2024-04-18T13:48:27.495+0000] {processor.py:758} INFO - Processing file /home/airflow/.local/lib/python3.7/site-packages/airflow/example_dags/example_branch_labels.py for tasks to queue
[2024-04-18T13:48:27.496+0000] {logging_mixin.py:117} INFO - [2024-04-18T13:48:27.496+0000] {dagbag.py:525} INFO - Filling up the DagBag from /home/airflow/.local/lib/python3.7/site-packages/airflow/example_dags/example_branch_labels.py
[2024-04-18T13:48:27.514+0000] {processor.py:768} INFO - DAG(s) dict_keys(['example_branch_labels']) retrieved from /home/airflow/.local/lib/python3.7/site-packages/airflow/example_dags/example_branch_labels.py
[2024-04-18T13:48:27.578+0000] {logging_mixin.py:117} INFO - [2024-04-18T13:48:27.578+0000] {dag.py:2573} INFO - Sync 1 DAGs
[2024-04-18T13:48:27.617+0000] {logging_mixin.py:117} INFO - [2024-04-18T13:48:27.617+0000] {dag.py:3328} INFO - Setting next_dagrun for example_branch_labels to 2024-04-17T00:00:00+00:00, run_after=2024-04-18T00:00:00+00:00
[2024-04-18T13:48:27.641+0000] {processor.py:178} INFO - Processing /home/airflow/.local/lib/python3.7/site-packages/airflow/example_dags/example_branch_labels.py took 0.149 seconds
[2024-04-18T13:48:58.279+0000] {processor.py:156} INFO - Started process (PID=692) to work on /home/airflow/.local/lib/python3.7/site-packages/airflow/example_dags/example_branch_labels.py
[2024-04-18T13:48:58.279+0000] {processor.py:758} INFO - Processing file /home/airflow/.local/lib/python3.7/site-packages/airflow/example_dags/example_branch_labels.py for tasks to queue
[2024-04-18T13:48:58.280+0000] {logging_mixin.py:117} INFO - [2024-04-18T13:48:58.280+0000] {dagbag.py:525} INFO - Filling up the DagBag from /home/airflow/.local/lib/python3.7/site-packages/airflow/example_dags/example_branch_labels.py
[2024-04-18T13:48:58.297+0000] {processor.py:768} INFO - DAG(s) dict_keys(['example_branch_labels']) retrieved from /home/airflow/.local/lib/python3.7/site-packages/airflow/example_dags/example_branch_labels.py
[2024-04-18T13:48:58.346+0000] {logging_mixin.py:117} INFO - [2024-04-18T13:48:58.346+0000] {dag.py:2573} INFO - Sync 1 DAGs
[2024-04-18T13:48:58.380+0000] {logging_mixin.py:117} INFO - [2024-04-18T13:48:58.380+0000] {dag.py:3328} INFO - Setting next_dagrun for example_branch_labels to 2024-04-17T00:00:00+00:00, run_after=2024-04-18T00:00:00+00:00
[2024-04-18T13:48:58.404+0000] {processor.py:178} INFO - Processing /home/airflow/.local/lib/python3.7/site-packages/airflow/example_dags/example_branch_labels.py took 0.129 seconds
