[2024-04-18T13:47:59.476+0000] {processor.py:156} INFO - Started process (PID=345) to work on /home/airflow/.local/lib/python3.7/site-packages/airflow/example_dags/example_xcomargs.py
[2024-04-18T13:47:59.477+0000] {processor.py:758} INFO - Processing file /home/airflow/.local/lib/python3.7/site-packages/airflow/example_dags/example_xcomargs.py for tasks to queue
[2024-04-18T13:47:59.478+0000] {logging_mixin.py:117} INFO - [2024-04-18T13:47:59.478+0000] {dagbag.py:525} INFO - Filling up the DagBag from /home/airflow/.local/lib/python3.7/site-packages/airflow/example_dags/example_xcomargs.py
[2024-04-18T13:47:59.580+0000] {processor.py:768} INFO - DAG(s) dict_keys(['example_xcom_args_with_operators', 'example_xcom_args']) retrieved from /home/airflow/.local/lib/python3.7/site-packages/airflow/example_dags/example_xcomargs.py
[2024-04-18T13:47:59.792+0000] {logging_mixin.py:117} INFO - [2024-04-18T13:47:59.791+0000] {dag.py:2573} INFO - Sync 2 DAGs
[2024-04-18T13:47:59.876+0000] {logging_mixin.py:117} INFO - [2024-04-18T13:47:59.876+0000] {dag.py:3328} INFO - Setting next_dagrun for example_xcom_args to None, run_after=None
[2024-04-18T13:47:59.890+0000] {logging_mixin.py:117} INFO - [2024-04-18T13:47:59.890+0000] {dag.py:3328} INFO - Setting next_dagrun for example_xcom_args_with_operators to None, run_after=None
[2024-04-18T13:47:59.939+0000] {processor.py:178} INFO - Processing /home/airflow/.local/lib/python3.7/site-packages/airflow/example_dags/example_xcomargs.py took 0.466 seconds
[2024-04-18T13:48:31.488+0000] {processor.py:156} INFO - Started process (PID=562) to work on /home/airflow/.local/lib/python3.7/site-packages/airflow/example_dags/example_xcomargs.py
[2024-04-18T13:48:31.488+0000] {processor.py:758} INFO - Processing file /home/airflow/.local/lib/python3.7/site-packages/airflow/example_dags/example_xcomargs.py for tasks to queue
[2024-04-18T13:48:31.489+0000] {logging_mixin.py:117} INFO - [2024-04-18T13:48:31.489+0000] {dagbag.py:525} INFO - Filling up the DagBag from /home/airflow/.local/lib/python3.7/site-packages/airflow/example_dags/example_xcomargs.py
[2024-04-18T13:48:31.520+0000] {processor.py:768} INFO - DAG(s) dict_keys(['example_xcom_args_with_operators', 'example_xcom_args']) retrieved from /home/airflow/.local/lib/python3.7/site-packages/airflow/example_dags/example_xcomargs.py
[2024-04-18T13:48:31.568+0000] {logging_mixin.py:117} INFO - [2024-04-18T13:48:31.568+0000] {dag.py:2573} INFO - Sync 2 DAGs
[2024-04-18T13:48:31.606+0000] {logging_mixin.py:117} INFO - [2024-04-18T13:48:31.606+0000] {dag.py:3328} INFO - Setting next_dagrun for example_xcom_args to None, run_after=None
[2024-04-18T13:48:31.610+0000] {logging_mixin.py:117} INFO - [2024-04-18T13:48:31.610+0000] {dag.py:3328} INFO - Setting next_dagrun for example_xcom_args_with_operators to None, run_after=None
[2024-04-18T13:48:31.634+0000] {processor.py:178} INFO - Processing /home/airflow/.local/lib/python3.7/site-packages/airflow/example_dags/example_xcomargs.py took 0.149 seconds
[2024-04-18T13:49:01.882+0000] {processor.py:156} INFO - Started process (PID=774) to work on /home/airflow/.local/lib/python3.7/site-packages/airflow/example_dags/example_xcomargs.py
[2024-04-18T13:49:01.883+0000] {processor.py:758} INFO - Processing file /home/airflow/.local/lib/python3.7/site-packages/airflow/example_dags/example_xcomargs.py for tasks to queue
[2024-04-18T13:49:01.884+0000] {logging_mixin.py:117} INFO - [2024-04-18T13:49:01.884+0000] {dagbag.py:525} INFO - Filling up the DagBag from /home/airflow/.local/lib/python3.7/site-packages/airflow/example_dags/example_xcomargs.py
[2024-04-18T13:49:01.915+0000] {processor.py:768} INFO - DAG(s) dict_keys(['example_xcom_args_with_operators', 'example_xcom_args']) retrieved from /home/airflow/.local/lib/python3.7/site-packages/airflow/example_dags/example_xcomargs.py
[2024-04-18T13:49:01.964+0000] {logging_mixin.py:117} INFO - [2024-04-18T13:49:01.963+0000] {dag.py:2573} INFO - Sync 2 DAGs
[2024-04-18T13:49:01.994+0000] {logging_mixin.py:117} INFO - [2024-04-18T13:49:01.994+0000] {dag.py:3328} INFO - Setting next_dagrun for example_xcom_args to None, run_after=None
[2024-04-18T13:49:01.996+0000] {logging_mixin.py:117} INFO - [2024-04-18T13:49:01.996+0000] {dag.py:3328} INFO - Setting next_dagrun for example_xcom_args_with_operators to None, run_after=None
[2024-04-18T13:49:02.018+0000] {processor.py:178} INFO - Processing /home/airflow/.local/lib/python3.7/site-packages/airflow/example_dags/example_xcomargs.py took 0.138 seconds
