[2024-04-18T13:47:56.594+0000] {processor.py:156} INFO - Started process (PID=255) to work on /home/airflow/.local/lib/python3.7/site-packages/airflow/example_dags/example_python_operator.py
[2024-04-18T13:47:56.595+0000] {processor.py:758} INFO - Processing file /home/airflow/.local/lib/python3.7/site-packages/airflow/example_dags/example_python_operator.py for tasks to queue
[2024-04-18T13:47:56.596+0000] {logging_mixin.py:117} INFO - [2024-04-18T13:47:56.595+0000] {dagbag.py:525} INFO - Filling up the DagBag from /home/airflow/.local/lib/python3.7/site-packages/airflow/example_dags/example_python_operator.py
[2024-04-18T13:47:56.704+0000] {processor.py:768} INFO - DAG(s) dict_keys(['example_python_operator']) retrieved from /home/airflow/.local/lib/python3.7/site-packages/airflow/example_dags/example_python_operator.py
[2024-04-18T13:47:56.848+0000] {logging_mixin.py:117} INFO - [2024-04-18T13:47:56.848+0000] {dag.py:2573} INFO - Sync 1 DAGs
[2024-04-18T13:47:56.910+0000] {logging_mixin.py:117} INFO - [2024-04-18T13:47:56.909+0000] {dag.py:3328} INFO - Setting next_dagrun for example_python_operator to None, run_after=None
[2024-04-18T13:47:56.946+0000] {processor.py:178} INFO - Processing /home/airflow/.local/lib/python3.7/site-packages/airflow/example_dags/example_python_operator.py took 0.355 seconds
[2024-04-18T13:48:27.300+0000] {processor.py:156} INFO - Started process (PID=463) to work on /home/airflow/.local/lib/python3.7/site-packages/airflow/example_dags/example_python_operator.py
[2024-04-18T13:48:27.304+0000] {processor.py:758} INFO - Processing file /home/airflow/.local/lib/python3.7/site-packages/airflow/example_dags/example_python_operator.py for tasks to queue
[2024-04-18T13:48:27.306+0000] {logging_mixin.py:117} INFO - [2024-04-18T13:48:27.306+0000] {dagbag.py:525} INFO - Filling up the DagBag from /home/airflow/.local/lib/python3.7/site-packages/airflow/example_dags/example_python_operator.py
[2024-04-18T13:48:27.355+0000] {processor.py:768} INFO - DAG(s) dict_keys(['example_python_operator']) retrieved from /home/airflow/.local/lib/python3.7/site-packages/airflow/example_dags/example_python_operator.py
[2024-04-18T13:48:27.405+0000] {logging_mixin.py:117} INFO - [2024-04-18T13:48:27.405+0000] {dag.py:2573} INFO - Sync 1 DAGs
[2024-04-18T13:48:27.437+0000] {logging_mixin.py:117} INFO - [2024-04-18T13:48:27.437+0000] {dag.py:3328} INFO - Setting next_dagrun for example_python_operator to None, run_after=None
[2024-04-18T13:48:27.462+0000] {processor.py:178} INFO - Processing /home/airflow/.local/lib/python3.7/site-packages/airflow/example_dags/example_python_operator.py took 0.171 seconds
[2024-04-18T13:48:57.889+0000] {processor.py:156} INFO - Started process (PID=682) to work on /home/airflow/.local/lib/python3.7/site-packages/airflow/example_dags/example_python_operator.py
[2024-04-18T13:48:57.889+0000] {processor.py:758} INFO - Processing file /home/airflow/.local/lib/python3.7/site-packages/airflow/example_dags/example_python_operator.py for tasks to queue
[2024-04-18T13:48:57.890+0000] {logging_mixin.py:117} INFO - [2024-04-18T13:48:57.890+0000] {dagbag.py:525} INFO - Filling up the DagBag from /home/airflow/.local/lib/python3.7/site-packages/airflow/example_dags/example_python_operator.py
[2024-04-18T13:48:57.922+0000] {processor.py:768} INFO - DAG(s) dict_keys(['example_python_operator']) retrieved from /home/airflow/.local/lib/python3.7/site-packages/airflow/example_dags/example_python_operator.py
[2024-04-18T13:48:57.973+0000] {logging_mixin.py:117} INFO - [2024-04-18T13:48:57.973+0000] {dag.py:2573} INFO - Sync 1 DAGs
[2024-04-18T13:48:58.016+0000] {logging_mixin.py:117} INFO - [2024-04-18T13:48:58.016+0000] {dag.py:3328} INFO - Setting next_dagrun for example_python_operator to None, run_after=None
[2024-04-18T13:48:58.071+0000] {processor.py:178} INFO - Processing /home/airflow/.local/lib/python3.7/site-packages/airflow/example_dags/example_python_operator.py took 0.186 seconds
