[2024-04-18T13:47:58.470+0000] {processor.py:156} INFO - Started process (PID=312) to work on /home/airflow/.local/lib/python3.7/site-packages/airflow/example_dags/example_branch_operator.py
[2024-04-18T13:47:58.472+0000] {processor.py:758} INFO - Processing file /home/airflow/.local/lib/python3.7/site-packages/airflow/example_dags/example_branch_operator.py for tasks to queue
[2024-04-18T13:47:58.473+0000] {logging_mixin.py:117} INFO - [2024-04-18T13:47:58.472+0000] {dagbag.py:525} INFO - Filling up the DagBag from /home/airflow/.local/lib/python3.7/site-packages/airflow/example_dags/example_branch_operator.py
[2024-04-18T13:47:58.502+0000] {processor.py:768} INFO - DAG(s) dict_keys(['example_branch_operator']) retrieved from /home/airflow/.local/lib/python3.7/site-packages/airflow/example_dags/example_branch_operator.py
[2024-04-18T13:47:58.577+0000] {logging_mixin.py:117} INFO - [2024-04-18T13:47:58.577+0000] {dag.py:2573} INFO - Sync 1 DAGs
[2024-04-18T13:47:58.646+0000] {logging_mixin.py:117} INFO - [2024-04-18T13:47:58.644+0000] {dag.py:3328} INFO - Setting next_dagrun for example_branch_operator to 2024-04-17T00:00:00+00:00, run_after=2024-04-18T00:00:00+00:00
[2024-04-18T13:47:58.687+0000] {processor.py:178} INFO - Processing /home/airflow/.local/lib/python3.7/site-packages/airflow/example_dags/example_branch_operator.py took 0.220 seconds
[2024-04-18T13:48:30.248+0000] {processor.py:156} INFO - Started process (PID=527) to work on /home/airflow/.local/lib/python3.7/site-packages/airflow/example_dags/example_branch_operator.py
[2024-04-18T13:48:30.249+0000] {processor.py:758} INFO - Processing file /home/airflow/.local/lib/python3.7/site-packages/airflow/example_dags/example_branch_operator.py for tasks to queue
[2024-04-18T13:48:30.250+0000] {logging_mixin.py:117} INFO - [2024-04-18T13:48:30.250+0000] {dagbag.py:525} INFO - Filling up the DagBag from /home/airflow/.local/lib/python3.7/site-packages/airflow/example_dags/example_branch_operator.py
[2024-04-18T13:48:30.287+0000] {processor.py:768} INFO - DAG(s) dict_keys(['example_branch_operator']) retrieved from /home/airflow/.local/lib/python3.7/site-packages/airflow/example_dags/example_branch_operator.py
[2024-04-18T13:48:30.336+0000] {logging_mixin.py:117} INFO - [2024-04-18T13:48:30.336+0000] {dag.py:2573} INFO - Sync 1 DAGs
[2024-04-18T13:48:30.375+0000] {logging_mixin.py:117} INFO - [2024-04-18T13:48:30.375+0000] {dag.py:3328} INFO - Setting next_dagrun for example_branch_operator to 2024-04-17T00:00:00+00:00, run_after=2024-04-18T00:00:00+00:00
[2024-04-18T13:48:30.402+0000] {processor.py:178} INFO - Processing /home/airflow/.local/lib/python3.7/site-packages/airflow/example_dags/example_branch_operator.py took 0.157 seconds
[2024-04-18T13:49:01.140+0000] {processor.py:156} INFO - Started process (PID=737) to work on /home/airflow/.local/lib/python3.7/site-packages/airflow/example_dags/example_branch_operator.py
[2024-04-18T13:49:01.141+0000] {processor.py:758} INFO - Processing file /home/airflow/.local/lib/python3.7/site-packages/airflow/example_dags/example_branch_operator.py for tasks to queue
[2024-04-18T13:49:01.142+0000] {logging_mixin.py:117} INFO - [2024-04-18T13:49:01.142+0000] {dagbag.py:525} INFO - Filling up the DagBag from /home/airflow/.local/lib/python3.7/site-packages/airflow/example_dags/example_branch_operator.py
[2024-04-18T13:49:01.164+0000] {processor.py:768} INFO - DAG(s) dict_keys(['example_branch_operator']) retrieved from /home/airflow/.local/lib/python3.7/site-packages/airflow/example_dags/example_branch_operator.py
[2024-04-18T13:49:01.224+0000] {logging_mixin.py:117} INFO - [2024-04-18T13:49:01.224+0000] {dag.py:2573} INFO - Sync 1 DAGs
[2024-04-18T13:49:01.265+0000] {logging_mixin.py:117} INFO - [2024-04-18T13:49:01.265+0000] {dag.py:3328} INFO - Setting next_dagrun for example_branch_operator to 2024-04-17T00:00:00+00:00, run_after=2024-04-18T00:00:00+00:00
[2024-04-18T13:49:01.292+0000] {processor.py:178} INFO - Processing /home/airflow/.local/lib/python3.7/site-packages/airflow/example_dags/example_branch_operator.py took 0.156 seconds
