[2024-04-18T13:47:58.487+0000] {processor.py:156} INFO - Started process (PID=315) to work on /home/airflow/.local/lib/python3.7/site-packages/airflow/example_dags/example_latest_only.py
[2024-04-18T13:47:58.498+0000] {processor.py:758} INFO - Processing file /home/airflow/.local/lib/python3.7/site-packages/airflow/example_dags/example_latest_only.py for tasks to queue
[2024-04-18T13:47:58.500+0000] {logging_mixin.py:117} INFO - [2024-04-18T13:47:58.500+0000] {dagbag.py:525} INFO - Filling up the DagBag from /home/airflow/.local/lib/python3.7/site-packages/airflow/example_dags/example_latest_only.py
[2024-04-18T13:47:58.531+0000] {processor.py:768} INFO - DAG(s) dict_keys(['latest_only']) retrieved from /home/airflow/.local/lib/python3.7/site-packages/airflow/example_dags/example_latest_only.py
[2024-04-18T13:47:58.605+0000] {logging_mixin.py:117} INFO - [2024-04-18T13:47:58.605+0000] {dag.py:2573} INFO - Sync 1 DAGs
[2024-04-18T13:47:58.645+0000] {logging_mixin.py:117} INFO - [2024-04-18T13:47:58.644+0000] {dag.py:3328} INFO - Setting next_dagrun for latest_only to 2024-04-18T09:47:58.643864+00:00, run_after=2024-04-18T13:47:58.643864+00:00
[2024-04-18T13:47:58.680+0000] {processor.py:178} INFO - Processing /home/airflow/.local/lib/python3.7/site-packages/airflow/example_dags/example_latest_only.py took 0.196 seconds
[2024-04-18T13:48:30.453+0000] {processor.py:156} INFO - Started process (PID=534) to work on /home/airflow/.local/lib/python3.7/site-packages/airflow/example_dags/example_latest_only.py
[2024-04-18T13:48:30.454+0000] {processor.py:758} INFO - Processing file /home/airflow/.local/lib/python3.7/site-packages/airflow/example_dags/example_latest_only.py for tasks to queue
[2024-04-18T13:48:30.455+0000] {logging_mixin.py:117} INFO - [2024-04-18T13:48:30.454+0000] {dagbag.py:525} INFO - Filling up the DagBag from /home/airflow/.local/lib/python3.7/site-packages/airflow/example_dags/example_latest_only.py
[2024-04-18T13:48:30.471+0000] {processor.py:768} INFO - DAG(s) dict_keys(['latest_only']) retrieved from /home/airflow/.local/lib/python3.7/site-packages/airflow/example_dags/example_latest_only.py
[2024-04-18T13:48:30.540+0000] {logging_mixin.py:117} INFO - [2024-04-18T13:48:30.540+0000] {dag.py:2573} INFO - Sync 1 DAGs
[2024-04-18T13:48:30.647+0000] {logging_mixin.py:117} INFO - [2024-04-18T13:48:30.647+0000] {dag.py:3328} INFO - Setting next_dagrun for latest_only to 2024-04-18T09:48:30.647199+00:00, run_after=2024-04-18T13:48:30.647199+00:00
[2024-04-18T13:48:30.770+0000] {processor.py:178} INFO - Processing /home/airflow/.local/lib/python3.7/site-packages/airflow/example_dags/example_latest_only.py took 0.320 seconds
[2024-04-18T13:49:01.232+0000] {processor.py:156} INFO - Started process (PID=742) to work on /home/airflow/.local/lib/python3.7/site-packages/airflow/example_dags/example_latest_only.py
[2024-04-18T13:49:01.233+0000] {processor.py:758} INFO - Processing file /home/airflow/.local/lib/python3.7/site-packages/airflow/example_dags/example_latest_only.py for tasks to queue
[2024-04-18T13:49:01.234+0000] {logging_mixin.py:117} INFO - [2024-04-18T13:49:01.233+0000] {dagbag.py:525} INFO - Filling up the DagBag from /home/airflow/.local/lib/python3.7/site-packages/airflow/example_dags/example_latest_only.py
[2024-04-18T13:49:01.250+0000] {processor.py:768} INFO - DAG(s) dict_keys(['latest_only']) retrieved from /home/airflow/.local/lib/python3.7/site-packages/airflow/example_dags/example_latest_only.py
[2024-04-18T13:49:01.296+0000] {logging_mixin.py:117} INFO - [2024-04-18T13:49:01.296+0000] {dag.py:2573} INFO - Sync 1 DAGs
[2024-04-18T13:49:01.326+0000] {logging_mixin.py:117} INFO - [2024-04-18T13:49:01.325+0000] {dag.py:3328} INFO - Setting next_dagrun for latest_only to 2024-04-18T09:49:01.325691+00:00, run_after=2024-04-18T13:49:01.325691+00:00
[2024-04-18T13:49:01.353+0000] {processor.py:178} INFO - Processing /home/airflow/.local/lib/python3.7/site-packages/airflow/example_dags/example_latest_only.py took 0.125 seconds
