[2024-04-18T13:47:53.683+0000] {processor.py:156} INFO - Started process (PID=182) to work on /home/airflow/.local/lib/python3.7/site-packages/airflow/example_dags/example_xcom.py
[2024-04-18T13:47:53.683+0000] {processor.py:758} INFO - Processing file /home/airflow/.local/lib/python3.7/site-packages/airflow/example_dags/example_xcom.py for tasks to queue
[2024-04-18T13:47:53.684+0000] {logging_mixin.py:117} INFO - [2024-04-18T13:47:53.684+0000] {dagbag.py:525} INFO - Filling up the DagBag from /home/airflow/.local/lib/python3.7/site-packages/airflow/example_dags/example_xcom.py
[2024-04-18T13:47:53.717+0000] {processor.py:768} INFO - DAG(s) dict_keys(['example_xcom']) retrieved from /home/airflow/.local/lib/python3.7/site-packages/airflow/example_dags/example_xcom.py
[2024-04-18T13:47:53.768+0000] {logging_mixin.py:117} INFO - [2024-04-18T13:47:53.767+0000] {dag.py:2573} INFO - Sync 1 DAGs
[2024-04-18T13:47:53.793+0000] {logging_mixin.py:117} INFO - [2024-04-18T13:47:53.793+0000] {dag.py:3328} INFO - Setting next_dagrun for example_xcom to 2021-01-01T00:00:00+00:00, run_after=2021-01-01T00:00:00+00:00
[2024-04-18T13:47:53.819+0000] {processor.py:178} INFO - Processing /home/airflow/.local/lib/python3.7/site-packages/airflow/example_dags/example_xcom.py took 0.139 seconds
[2024-04-18T13:48:24.266+0000] {processor.py:156} INFO - Started process (PID=389) to work on /home/airflow/.local/lib/python3.7/site-packages/airflow/example_dags/example_xcom.py
[2024-04-18T13:48:24.267+0000] {processor.py:758} INFO - Processing file /home/airflow/.local/lib/python3.7/site-packages/airflow/example_dags/example_xcom.py for tasks to queue
[2024-04-18T13:48:24.268+0000] {logging_mixin.py:117} INFO - [2024-04-18T13:48:24.268+0000] {dagbag.py:525} INFO - Filling up the DagBag from /home/airflow/.local/lib/python3.7/site-packages/airflow/example_dags/example_xcom.py
[2024-04-18T13:48:24.300+0000] {processor.py:768} INFO - DAG(s) dict_keys(['example_xcom']) retrieved from /home/airflow/.local/lib/python3.7/site-packages/airflow/example_dags/example_xcom.py
[2024-04-18T13:48:24.348+0000] {logging_mixin.py:117} INFO - [2024-04-18T13:48:24.348+0000] {dag.py:2573} INFO - Sync 1 DAGs
[2024-04-18T13:48:24.380+0000] {logging_mixin.py:117} INFO - [2024-04-18T13:48:24.379+0000] {dag.py:3328} INFO - Setting next_dagrun for example_xcom to 2021-01-01T00:00:00+00:00, run_after=2021-01-01T00:00:00+00:00
[2024-04-18T13:48:24.434+0000] {processor.py:178} INFO - Processing /home/airflow/.local/lib/python3.7/site-packages/airflow/example_dags/example_xcom.py took 0.170 seconds
[2024-04-18T13:48:55.068+0000] {processor.py:156} INFO - Started process (PID=607) to work on /home/airflow/.local/lib/python3.7/site-packages/airflow/example_dags/example_xcom.py
[2024-04-18T13:48:55.069+0000] {processor.py:758} INFO - Processing file /home/airflow/.local/lib/python3.7/site-packages/airflow/example_dags/example_xcom.py for tasks to queue
[2024-04-18T13:48:55.070+0000] {logging_mixin.py:117} INFO - [2024-04-18T13:48:55.069+0000] {dagbag.py:525} INFO - Filling up the DagBag from /home/airflow/.local/lib/python3.7/site-packages/airflow/example_dags/example_xcom.py
[2024-04-18T13:48:55.103+0000] {processor.py:768} INFO - DAG(s) dict_keys(['example_xcom']) retrieved from /home/airflow/.local/lib/python3.7/site-packages/airflow/example_dags/example_xcom.py
[2024-04-18T13:48:55.161+0000] {logging_mixin.py:117} INFO - [2024-04-18T13:48:55.161+0000] {dag.py:2573} INFO - Sync 1 DAGs
[2024-04-18T13:48:55.193+0000] {logging_mixin.py:117} INFO - [2024-04-18T13:48:55.193+0000] {dag.py:3328} INFO - Setting next_dagrun for example_xcom to 2021-01-01T00:00:00+00:00, run_after=2021-01-01T00:00:00+00:00
[2024-04-18T13:48:55.218+0000] {processor.py:178} INFO - Processing /home/airflow/.local/lib/python3.7/site-packages/airflow/example_dags/example_xcom.py took 0.154 seconds
