[2024-04-18T13:47:57.690+0000] {processor.py:156} INFO - Started process (PID=285) to work on /home/airflow/.local/lib/python3.7/site-packages/airflow/example_dags/example_nested_branch_dag.py
[2024-04-18T13:47:57.691+0000] {processor.py:758} INFO - Processing file /home/airflow/.local/lib/python3.7/site-packages/airflow/example_dags/example_nested_branch_dag.py for tasks to queue
[2024-04-18T13:47:57.692+0000] {logging_mixin.py:117} INFO - [2024-04-18T13:47:57.692+0000] {dagbag.py:525} INFO - Filling up the DagBag from /home/airflow/.local/lib/python3.7/site-packages/airflow/example_dags/example_nested_branch_dag.py
[2024-04-18T13:47:57.783+0000] {processor.py:768} INFO - DAG(s) dict_keys(['example_nested_branch_dag']) retrieved from /home/airflow/.local/lib/python3.7/site-packages/airflow/example_dags/example_nested_branch_dag.py
[2024-04-18T13:47:57.858+0000] {logging_mixin.py:117} INFO - [2024-04-18T13:47:57.858+0000] {dag.py:2573} INFO - Sync 1 DAGs
[2024-04-18T13:47:57.911+0000] {logging_mixin.py:117} INFO - [2024-04-18T13:47:57.911+0000] {dag.py:3328} INFO - Setting next_dagrun for example_nested_branch_dag to 2024-04-17T00:00:00+00:00, run_after=2024-04-18T00:00:00+00:00
[2024-04-18T13:47:57.944+0000] {processor.py:178} INFO - Processing /home/airflow/.local/lib/python3.7/site-packages/airflow/example_dags/example_nested_branch_dag.py took 0.265 seconds
[2024-04-18T13:48:28.819+0000] {processor.py:156} INFO - Started process (PID=502) to work on /home/airflow/.local/lib/python3.7/site-packages/airflow/example_dags/example_nested_branch_dag.py
[2024-04-18T13:48:28.828+0000] {processor.py:758} INFO - Processing file /home/airflow/.local/lib/python3.7/site-packages/airflow/example_dags/example_nested_branch_dag.py for tasks to queue
[2024-04-18T13:48:28.828+0000] {logging_mixin.py:117} INFO - [2024-04-18T13:48:28.828+0000] {dagbag.py:525} INFO - Filling up the DagBag from /home/airflow/.local/lib/python3.7/site-packages/airflow/example_dags/example_nested_branch_dag.py
[2024-04-18T13:48:28.911+0000] {processor.py:768} INFO - DAG(s) dict_keys(['example_nested_branch_dag']) retrieved from /home/airflow/.local/lib/python3.7/site-packages/airflow/example_dags/example_nested_branch_dag.py
[2024-04-18T13:48:29.057+0000] {logging_mixin.py:117} INFO - [2024-04-18T13:48:29.057+0000] {dag.py:2573} INFO - Sync 1 DAGs
[2024-04-18T13:48:29.156+0000] {logging_mixin.py:117} INFO - [2024-04-18T13:48:29.155+0000] {dag.py:3328} INFO - Setting next_dagrun for example_nested_branch_dag to 2024-04-17T00:00:00+00:00, run_after=2024-04-18T00:00:00+00:00
[2024-04-18T13:48:29.214+0000] {processor.py:178} INFO - Processing /home/airflow/.local/lib/python3.7/site-packages/airflow/example_dags/example_nested_branch_dag.py took 0.413 seconds
[2024-04-18T13:48:59.506+0000] {processor.py:156} INFO - Started process (PID=709) to work on /home/airflow/.local/lib/python3.7/site-packages/airflow/example_dags/example_nested_branch_dag.py
[2024-04-18T13:48:59.507+0000] {processor.py:758} INFO - Processing file /home/airflow/.local/lib/python3.7/site-packages/airflow/example_dags/example_nested_branch_dag.py for tasks to queue
[2024-04-18T13:48:59.507+0000] {logging_mixin.py:117} INFO - [2024-04-18T13:48:59.507+0000] {dagbag.py:525} INFO - Filling up the DagBag from /home/airflow/.local/lib/python3.7/site-packages/airflow/example_dags/example_nested_branch_dag.py
[2024-04-18T13:48:59.529+0000] {processor.py:768} INFO - DAG(s) dict_keys(['example_nested_branch_dag']) retrieved from /home/airflow/.local/lib/python3.7/site-packages/airflow/example_dags/example_nested_branch_dag.py
[2024-04-18T13:48:59.562+0000] {logging_mixin.py:117} INFO - [2024-04-18T13:48:59.562+0000] {dag.py:2573} INFO - Sync 1 DAGs
[2024-04-18T13:48:59.583+0000] {logging_mixin.py:117} INFO - [2024-04-18T13:48:59.583+0000] {dag.py:3328} INFO - Setting next_dagrun for example_nested_branch_dag to 2024-04-17T00:00:00+00:00, run_after=2024-04-18T00:00:00+00:00
[2024-04-18T13:48:59.605+0000] {processor.py:178} INFO - Processing /home/airflow/.local/lib/python3.7/site-packages/airflow/example_dags/example_nested_branch_dag.py took 0.102 seconds
