[2024-04-18T13:47:53.898+0000] {processor.py:156} INFO - Started process (PID=187) to work on /home/airflow/.local/lib/python3.7/site-packages/airflow/example_dags/example_branch_datetime_operator.py
[2024-04-18T13:47:53.910+0000] {processor.py:758} INFO - Processing file /home/airflow/.local/lib/python3.7/site-packages/airflow/example_dags/example_branch_datetime_operator.py for tasks to queue
[2024-04-18T13:47:53.912+0000] {logging_mixin.py:117} INFO - [2024-04-18T13:47:53.912+0000] {dagbag.py:525} INFO - Filling up the DagBag from /home/airflow/.local/lib/python3.7/site-packages/airflow/example_dags/example_branch_datetime_operator.py
[2024-04-18T13:47:53.975+0000] {processor.py:768} INFO - DAG(s) dict_keys(['example_branch_datetime_operator_3', 'example_branch_datetime_operator_2', 'example_branch_datetime_operator']) retrieved from /home/airflow/.local/lib/python3.7/site-packages/airflow/example_dags/example_branch_datetime_operator.py
[2024-04-18T13:47:54.060+0000] {logging_mixin.py:117} INFO - [2024-04-18T13:47:54.060+0000] {dag.py:2573} INFO - Sync 3 DAGs
[2024-04-18T13:47:54.100+0000] {logging_mixin.py:117} INFO - [2024-04-18T13:47:54.100+0000] {dag.py:3328} INFO - Setting next_dagrun for example_branch_datetime_operator to 2024-04-17T00:00:00+00:00, run_after=2024-04-18T00:00:00+00:00
[2024-04-18T13:47:54.105+0000] {logging_mixin.py:117} INFO - [2024-04-18T13:47:54.105+0000] {dag.py:3328} INFO - Setting next_dagrun for example_branch_datetime_operator_2 to 2024-04-17T00:00:00+00:00, run_after=2024-04-18T00:00:00+00:00
[2024-04-18T13:47:54.109+0000] {logging_mixin.py:117} INFO - [2024-04-18T13:47:54.109+0000] {dag.py:3328} INFO - Setting next_dagrun for example_branch_datetime_operator_3 to 2024-04-17T00:00:00+00:00, run_after=2024-04-18T00:00:00+00:00
[2024-04-18T13:47:54.135+0000] {processor.py:178} INFO - Processing /home/airflow/.local/lib/python3.7/site-packages/airflow/example_dags/example_branch_datetime_operator.py took 0.243 seconds
[2024-04-18T13:48:24.288+0000] {processor.py:156} INFO - Started process (PID=393) to work on /home/airflow/.local/lib/python3.7/site-packages/airflow/example_dags/example_branch_datetime_operator.py
[2024-04-18T13:48:24.289+0000] {processor.py:758} INFO - Processing file /home/airflow/.local/lib/python3.7/site-packages/airflow/example_dags/example_branch_datetime_operator.py for tasks to queue
[2024-04-18T13:48:24.289+0000] {logging_mixin.py:117} INFO - [2024-04-18T13:48:24.289+0000] {dagbag.py:525} INFO - Filling up the DagBag from /home/airflow/.local/lib/python3.7/site-packages/airflow/example_dags/example_branch_datetime_operator.py
[2024-04-18T13:48:24.314+0000] {processor.py:768} INFO - DAG(s) dict_keys(['example_branch_datetime_operator_2', 'example_branch_datetime_operator', 'example_branch_datetime_operator_3']) retrieved from /home/airflow/.local/lib/python3.7/site-packages/airflow/example_dags/example_branch_datetime_operator.py
[2024-04-18T13:48:24.369+0000] {logging_mixin.py:117} INFO - [2024-04-18T13:48:24.369+0000] {dag.py:2573} INFO - Sync 3 DAGs
[2024-04-18T13:48:24.424+0000] {logging_mixin.py:117} INFO - [2024-04-18T13:48:24.424+0000] {dag.py:3328} INFO - Setting next_dagrun for example_branch_datetime_operator to 2024-04-17T00:00:00+00:00, run_after=2024-04-18T00:00:00+00:00
[2024-04-18T13:48:24.431+0000] {logging_mixin.py:117} INFO - [2024-04-18T13:48:24.431+0000] {dag.py:3328} INFO - Setting next_dagrun for example_branch_datetime_operator_2 to 2024-04-17T00:00:00+00:00, run_after=2024-04-18T00:00:00+00:00
[2024-04-18T13:48:24.435+0000] {logging_mixin.py:117} INFO - [2024-04-18T13:48:24.435+0000] {dag.py:3328} INFO - Setting next_dagrun for example_branch_datetime_operator_3 to 2024-04-17T00:00:00+00:00, run_after=2024-04-18T00:00:00+00:00
[2024-04-18T13:48:24.462+0000] {processor.py:178} INFO - Processing /home/airflow/.local/lib/python3.7/site-packages/airflow/example_dags/example_branch_datetime_operator.py took 0.178 seconds
[2024-04-18T13:48:55.125+0000] {processor.py:156} INFO - Started process (PID=612) to work on /home/airflow/.local/lib/python3.7/site-packages/airflow/example_dags/example_branch_datetime_operator.py
[2024-04-18T13:48:55.127+0000] {processor.py:758} INFO - Processing file /home/airflow/.local/lib/python3.7/site-packages/airflow/example_dags/example_branch_datetime_operator.py for tasks to queue
[2024-04-18T13:48:55.127+0000] {logging_mixin.py:117} INFO - [2024-04-18T13:48:55.127+0000] {dagbag.py:525} INFO - Filling up the DagBag from /home/airflow/.local/lib/python3.7/site-packages/airflow/example_dags/example_branch_datetime_operator.py
[2024-04-18T13:48:55.173+0000] {processor.py:768} INFO - DAG(s) dict_keys(['example_branch_datetime_operator', 'example_branch_datetime_operator_2', 'example_branch_datetime_operator_3']) retrieved from /home/airflow/.local/lib/python3.7/site-packages/airflow/example_dags/example_branch_datetime_operator.py
[2024-04-18T13:48:55.247+0000] {logging_mixin.py:117} INFO - [2024-04-18T13:48:55.246+0000] {dag.py:2573} INFO - Sync 3 DAGs
[2024-04-18T13:48:55.294+0000] {logging_mixin.py:117} INFO - [2024-04-18T13:48:55.294+0000] {dag.py:3328} INFO - Setting next_dagrun for example_branch_datetime_operator to 2024-04-17T00:00:00+00:00, run_after=2024-04-18T00:00:00+00:00
[2024-04-18T13:48:55.301+0000] {logging_mixin.py:117} INFO - [2024-04-18T13:48:55.300+0000] {dag.py:3328} INFO - Setting next_dagrun for example_branch_datetime_operator_2 to 2024-04-17T00:00:00+00:00, run_after=2024-04-18T00:00:00+00:00
[2024-04-18T13:48:55.304+0000] {logging_mixin.py:117} INFO - [2024-04-18T13:48:55.304+0000] {dag.py:3328} INFO - Setting next_dagrun for example_branch_datetime_operator_3 to 2024-04-17T00:00:00+00:00, run_after=2024-04-18T00:00:00+00:00
[2024-04-18T13:48:55.332+0000] {processor.py:178} INFO - Processing /home/airflow/.local/lib/python3.7/site-packages/airflow/example_dags/example_branch_datetime_operator.py took 0.210 seconds
