[2024-04-18T13:47:59.191+0000] {processor.py:156} INFO - Started process (PID=335) to work on /home/airflow/.local/lib/python3.7/site-packages/airflow/example_dags/example_branch_operator_decorator.py
[2024-04-18T13:47:59.193+0000] {processor.py:758} INFO - Processing file /home/airflow/.local/lib/python3.7/site-packages/airflow/example_dags/example_branch_operator_decorator.py for tasks to queue
[2024-04-18T13:47:59.194+0000] {logging_mixin.py:117} INFO - [2024-04-18T13:47:59.194+0000] {dagbag.py:525} INFO - Filling up the DagBag from /home/airflow/.local/lib/python3.7/site-packages/airflow/example_dags/example_branch_operator_decorator.py
[2024-04-18T13:47:59.258+0000] {processor.py:768} INFO - DAG(s) dict_keys(['example_branch_python_operator_decorator']) retrieved from /home/airflow/.local/lib/python3.7/site-packages/airflow/example_dags/example_branch_operator_decorator.py
[2024-04-18T13:47:59.357+0000] {logging_mixin.py:117} INFO - [2024-04-18T13:47:59.357+0000] {dag.py:2573} INFO - Sync 1 DAGs
[2024-04-18T13:47:59.408+0000] {logging_mixin.py:117} INFO - [2024-04-18T13:47:59.407+0000] {dag.py:3328} INFO - Setting next_dagrun for example_branch_python_operator_decorator to 2024-04-17T00:00:00+00:00, run_after=2024-04-18T00:00:00+00:00
[2024-04-18T13:47:59.439+0000] {processor.py:178} INFO - Processing /home/airflow/.local/lib/python3.7/site-packages/airflow/example_dags/example_branch_operator_decorator.py took 0.253 seconds
[2024-04-18T13:48:31.233+0000] {processor.py:156} INFO - Started process (PID=552) to work on /home/airflow/.local/lib/python3.7/site-packages/airflow/example_dags/example_branch_operator_decorator.py
[2024-04-18T13:48:31.238+0000] {processor.py:758} INFO - Processing file /home/airflow/.local/lib/python3.7/site-packages/airflow/example_dags/example_branch_operator_decorator.py for tasks to queue
[2024-04-18T13:48:31.240+0000] {logging_mixin.py:117} INFO - [2024-04-18T13:48:31.240+0000] {dagbag.py:525} INFO - Filling up the DagBag from /home/airflow/.local/lib/python3.7/site-packages/airflow/example_dags/example_branch_operator_decorator.py
[2024-04-18T13:48:31.316+0000] {processor.py:768} INFO - DAG(s) dict_keys(['example_branch_python_operator_decorator']) retrieved from /home/airflow/.local/lib/python3.7/site-packages/airflow/example_dags/example_branch_operator_decorator.py
[2024-04-18T13:48:31.369+0000] {logging_mixin.py:117} INFO - [2024-04-18T13:48:31.369+0000] {dag.py:2573} INFO - Sync 1 DAGs
[2024-04-18T13:48:31.401+0000] {logging_mixin.py:117} INFO - [2024-04-18T13:48:31.401+0000] {dag.py:3328} INFO - Setting next_dagrun for example_branch_python_operator_decorator to 2024-04-17T00:00:00+00:00, run_after=2024-04-18T00:00:00+00:00
[2024-04-18T13:48:31.435+0000] {processor.py:178} INFO - Processing /home/airflow/.local/lib/python3.7/site-packages/airflow/example_dags/example_branch_operator_decorator.py took 0.209 seconds
[2024-04-18T13:49:01.708+0000] {processor.py:156} INFO - Started process (PID=764) to work on /home/airflow/.local/lib/python3.7/site-packages/airflow/example_dags/example_branch_operator_decorator.py
[2024-04-18T13:49:01.709+0000] {processor.py:758} INFO - Processing file /home/airflow/.local/lib/python3.7/site-packages/airflow/example_dags/example_branch_operator_decorator.py for tasks to queue
[2024-04-18T13:49:01.709+0000] {logging_mixin.py:117} INFO - [2024-04-18T13:49:01.709+0000] {dagbag.py:525} INFO - Filling up the DagBag from /home/airflow/.local/lib/python3.7/site-packages/airflow/example_dags/example_branch_operator_decorator.py
[2024-04-18T13:49:01.740+0000] {processor.py:768} INFO - DAG(s) dict_keys(['example_branch_python_operator_decorator']) retrieved from /home/airflow/.local/lib/python3.7/site-packages/airflow/example_dags/example_branch_operator_decorator.py
[2024-04-18T13:49:01.790+0000] {logging_mixin.py:117} INFO - [2024-04-18T13:49:01.790+0000] {dag.py:2573} INFO - Sync 1 DAGs
[2024-04-18T13:49:01.825+0000] {logging_mixin.py:117} INFO - [2024-04-18T13:49:01.825+0000] {dag.py:3328} INFO - Setting next_dagrun for example_branch_python_operator_decorator to 2024-04-17T00:00:00+00:00, run_after=2024-04-18T00:00:00+00:00
[2024-04-18T13:49:01.850+0000] {processor.py:178} INFO - Processing /home/airflow/.local/lib/python3.7/site-packages/airflow/example_dags/example_branch_operator_decorator.py took 0.145 seconds
