[2024-04-18T13:47:57.111+0000] {processor.py:156} INFO - Started process (PID=270) to work on /home/airflow/.local/lib/python3.7/site-packages/airflow/example_dags/tutorial_dag.py
[2024-04-18T13:47:57.112+0000] {processor.py:758} INFO - Processing file /home/airflow/.local/lib/python3.7/site-packages/airflow/example_dags/tutorial_dag.py for tasks to queue
[2024-04-18T13:47:57.113+0000] {logging_mixin.py:117} INFO - [2024-04-18T13:47:57.113+0000] {dagbag.py:525} INFO - Filling up the DagBag from /home/airflow/.local/lib/python3.7/site-packages/airflow/example_dags/tutorial_dag.py
[2024-04-18T13:47:57.136+0000] {processor.py:768} INFO - DAG(s) dict_keys(['tutorial_dag']) retrieved from /home/airflow/.local/lib/python3.7/site-packages/airflow/example_dags/tutorial_dag.py
[2024-04-18T13:47:57.267+0000] {logging_mixin.py:117} INFO - [2024-04-18T13:47:57.267+0000] {dag.py:2573} INFO - Sync 1 DAGs
[2024-04-18T13:47:57.300+0000] {logging_mixin.py:117} INFO - [2024-04-18T13:47:57.299+0000] {dag.py:3328} INFO - Setting next_dagrun for tutorial_dag to None, run_after=None
[2024-04-18T13:47:57.334+0000] {processor.py:178} INFO - Processing /home/airflow/.local/lib/python3.7/site-packages/airflow/example_dags/tutorial_dag.py took 0.227 seconds
[2024-04-18T13:48:27.536+0000] {processor.py:156} INFO - Started process (PID=478) to work on /home/airflow/.local/lib/python3.7/site-packages/airflow/example_dags/tutorial_dag.py
[2024-04-18T13:48:27.536+0000] {processor.py:758} INFO - Processing file /home/airflow/.local/lib/python3.7/site-packages/airflow/example_dags/tutorial_dag.py for tasks to queue
[2024-04-18T13:48:27.537+0000] {logging_mixin.py:117} INFO - [2024-04-18T13:48:27.537+0000] {dagbag.py:525} INFO - Filling up the DagBag from /home/airflow/.local/lib/python3.7/site-packages/airflow/example_dags/tutorial_dag.py
[2024-04-18T13:48:27.554+0000] {processor.py:768} INFO - DAG(s) dict_keys(['tutorial_dag']) retrieved from /home/airflow/.local/lib/python3.7/site-packages/airflow/example_dags/tutorial_dag.py
[2024-04-18T13:48:27.615+0000] {logging_mixin.py:117} INFO - [2024-04-18T13:48:27.615+0000] {dag.py:2573} INFO - Sync 1 DAGs
[2024-04-18T13:48:27.645+0000] {logging_mixin.py:117} INFO - [2024-04-18T13:48:27.645+0000] {dag.py:3328} INFO - Setting next_dagrun for tutorial_dag to None, run_after=None
[2024-04-18T13:48:27.668+0000] {processor.py:178} INFO - Processing /home/airflow/.local/lib/python3.7/site-packages/airflow/example_dags/tutorial_dag.py took 0.136 seconds
[2024-04-18T13:48:58.322+0000] {processor.py:156} INFO - Started process (PID=697) to work on /home/airflow/.local/lib/python3.7/site-packages/airflow/example_dags/tutorial_dag.py
[2024-04-18T13:48:58.322+0000] {processor.py:758} INFO - Processing file /home/airflow/.local/lib/python3.7/site-packages/airflow/example_dags/tutorial_dag.py for tasks to queue
[2024-04-18T13:48:58.323+0000] {logging_mixin.py:117} INFO - [2024-04-18T13:48:58.323+0000] {dagbag.py:525} INFO - Filling up the DagBag from /home/airflow/.local/lib/python3.7/site-packages/airflow/example_dags/tutorial_dag.py
[2024-04-18T13:48:58.340+0000] {processor.py:768} INFO - DAG(s) dict_keys(['tutorial_dag']) retrieved from /home/airflow/.local/lib/python3.7/site-packages/airflow/example_dags/tutorial_dag.py
[2024-04-18T13:48:58.386+0000] {logging_mixin.py:117} INFO - [2024-04-18T13:48:58.386+0000] {dag.py:2573} INFO - Sync 1 DAGs
[2024-04-18T13:48:58.424+0000] {logging_mixin.py:117} INFO - [2024-04-18T13:48:58.423+0000] {dag.py:3328} INFO - Setting next_dagrun for tutorial_dag to None, run_after=None
[2024-04-18T13:48:58.469+0000] {processor.py:178} INFO - Processing /home/airflow/.local/lib/python3.7/site-packages/airflow/example_dags/tutorial_dag.py took 0.150 seconds
