[2024-04-18T13:47:56.107+0000] {processor.py:156} INFO - Started process (PID=245) to work on /home/airflow/.local/lib/python3.7/site-packages/airflow/example_dags/tutorial.py
[2024-04-18T13:47:56.108+0000] {processor.py:758} INFO - Processing file /home/airflow/.local/lib/python3.7/site-packages/airflow/example_dags/tutorial.py for tasks to queue
[2024-04-18T13:47:56.111+0000] {logging_mixin.py:117} INFO - [2024-04-18T13:47:56.108+0000] {dagbag.py:525} INFO - Filling up the DagBag from /home/airflow/.local/lib/python3.7/site-packages/airflow/example_dags/tutorial.py
[2024-04-18T13:47:56.196+0000] {processor.py:768} INFO - DAG(s) dict_keys(['tutorial']) retrieved from /home/airflow/.local/lib/python3.7/site-packages/airflow/example_dags/tutorial.py
[2024-04-18T13:47:56.402+0000] {logging_mixin.py:117} INFO - [2024-04-18T13:47:56.401+0000] {dag.py:2573} INFO - Sync 1 DAGs
[2024-04-18T13:47:56.445+0000] {logging_mixin.py:117} INFO - [2024-04-18T13:47:56.445+0000] {dag.py:3328} INFO - Setting next_dagrun for tutorial to 2024-04-17T13:47:56.445420+00:00, run_after=2024-04-18T13:47:56.445420+00:00
[2024-04-18T13:47:56.536+0000] {processor.py:178} INFO - Processing /home/airflow/.local/lib/python3.7/site-packages/airflow/example_dags/tutorial.py took 0.433 seconds
[2024-04-18T13:48:27.019+0000] {processor.py:156} INFO - Started process (PID=455) to work on /home/airflow/.local/lib/python3.7/site-packages/airflow/example_dags/tutorial.py
[2024-04-18T13:48:27.020+0000] {processor.py:758} INFO - Processing file /home/airflow/.local/lib/python3.7/site-packages/airflow/example_dags/tutorial.py for tasks to queue
[2024-04-18T13:48:27.021+0000] {logging_mixin.py:117} INFO - [2024-04-18T13:48:27.020+0000] {dagbag.py:525} INFO - Filling up the DagBag from /home/airflow/.local/lib/python3.7/site-packages/airflow/example_dags/tutorial.py
[2024-04-18T13:48:27.041+0000] {processor.py:768} INFO - DAG(s) dict_keys(['tutorial']) retrieved from /home/airflow/.local/lib/python3.7/site-packages/airflow/example_dags/tutorial.py
[2024-04-18T13:48:27.102+0000] {logging_mixin.py:117} INFO - [2024-04-18T13:48:27.102+0000] {dag.py:2573} INFO - Sync 1 DAGs
[2024-04-18T13:48:27.136+0000] {logging_mixin.py:117} INFO - [2024-04-18T13:48:27.136+0000] {dag.py:3328} INFO - Setting next_dagrun for tutorial to 2024-04-17T13:48:27.136248+00:00, run_after=2024-04-18T13:48:27.136248+00:00
[2024-04-18T13:48:27.185+0000] {processor.py:178} INFO - Processing /home/airflow/.local/lib/python3.7/site-packages/airflow/example_dags/tutorial.py took 0.169 seconds
[2024-04-18T13:48:57.721+0000] {processor.py:156} INFO - Started process (PID=672) to work on /home/airflow/.local/lib/python3.7/site-packages/airflow/example_dags/tutorial.py
[2024-04-18T13:48:57.722+0000] {processor.py:758} INFO - Processing file /home/airflow/.local/lib/python3.7/site-packages/airflow/example_dags/tutorial.py for tasks to queue
[2024-04-18T13:48:57.722+0000] {logging_mixin.py:117} INFO - [2024-04-18T13:48:57.722+0000] {dagbag.py:525} INFO - Filling up the DagBag from /home/airflow/.local/lib/python3.7/site-packages/airflow/example_dags/tutorial.py
[2024-04-18T13:48:57.741+0000] {processor.py:768} INFO - DAG(s) dict_keys(['tutorial']) retrieved from /home/airflow/.local/lib/python3.7/site-packages/airflow/example_dags/tutorial.py
[2024-04-18T13:48:57.795+0000] {logging_mixin.py:117} INFO - [2024-04-18T13:48:57.795+0000] {dag.py:2573} INFO - Sync 1 DAGs
[2024-04-18T13:48:57.825+0000] {logging_mixin.py:117} INFO - [2024-04-18T13:48:57.825+0000] {dag.py:3328} INFO - Setting next_dagrun for tutorial to 2024-04-17T13:48:57.825348+00:00, run_after=2024-04-18T13:48:57.825348+00:00
[2024-04-18T13:48:57.850+0000] {processor.py:178} INFO - Processing /home/airflow/.local/lib/python3.7/site-packages/airflow/example_dags/tutorial.py took 0.133 seconds
